[2021-11-02 13:32:57,793][INFO ][0x7f0ecdc818c0][.main] yespeech ORC starting ... (ver 1.0.0)
[2021-11-02 13:32:57,793][INFO ][0x7f0ecdc818c0][orc.Manager::initialize] Load configuration from "orc_config.json": orc_config_file=1.0.0
[2021-11-03 16:56:44,151][INFO ][0x7f625b0488c0][.main] yespeech ORC starting ... (ver 1.0.0)
[2021-11-03 16:56:44,152][INFO ][0x7f625b0488c0][orc.Manager::initialize] Load configuration from "orc_config.json": orc_config_file=1.0.0
[2021-11-03 16:57:03,022][INFO ][0x7fc9f2a6c8c0][.main] yespeech ORC starting ... (ver 1.0.0)
[2021-11-03 16:57:03,023][INFO ][0x7fc9f2a6c8c0][orc.Manager::initialize] Load configuration from "orc_config.json": orc_config_file=1.0.0
[2021-11-04 18:37:00,662][INFO ][0x7f7f3f8128c0][.main] yespeech ORC starting ... (ver 1.0.0)
[2021-11-04 18:37:00,665][INFO ][0x7f7f3f8128c0][orc.Manager::initialize] Load configuration from "orc_config.json": orc_config_file=1.0.0
[2021-11-04 18:38:26,923][INFO ][0x7f2d9477f8c0][.main] yespeech ORC starting ... (ver 1.0.0)
[2021-11-04 18:38:26,923][INFO ][0x7f2d9477f8c0][orc.Manager::initialize] Load configuration from "orc_config.json": orc_config_file=1.0.0
[2021-11-04 18:38:52,702][INFO ][0x7f7f134728c0][.main] yespeech ORC starting ... (ver 1.0.0)
[2021-11-04 18:38:52,703][INFO ][0x7f7f134728c0][orc.Manager::initialize] Load configuration from "orc_config.json": orc_config_file=1.0.0
[2021-11-04 18:39:28,779][INFO ][0x7f0df59108c0][.main] yespeech ORC starting ... (ver 1.0.0)
[2021-11-04 18:39:28,779][INFO ][0x7f0df59108c0][orc.Manager::initialize] Load configuration from "orc_config.json": orc_config_file=1.0.0
[2021-11-04 18:44:07,402][INFO ][0x7fee97ed48c0][.main] yespeech ORC starting ... (ver 1.0.0)
[2021-11-04 18:44:07,402][INFO ][0x7fee97ed48c0][orc.Manager::initialize] Load configuration from "orc_config.json": orc_config_file=1.0.0
[2021-11-04 18:48:51,776][INFO ][0x7f59c02a58c0][.main] yespeech ORC starting ... (ver 1.0.0)
[2021-11-04 18:48:51,777][INFO ][0x7f59c02a58c0][orc.Manager::initialize] Load configuration from "orc_config.json": orc_config_file=1.0.0
[2021-11-04 18:50:06,868][INFO ][0x7fc844b968c0][.main] yespeech ORC starting ... (ver 1.0.0)
[2021-11-04 18:50:06,868][INFO ][0x7fc844b968c0][orc.Manager::initialize] Load configuration from "orc_config.json": orc_config_file=1.0.0
[2021-11-04 19:00:35,694][INFO ][0x7fb041fb38c0][.main] yespeech ORC starting ... (ver 1.0.0)
[2021-11-04 19:00:35,694][INFO ][0x7fb041fb38c0][orc.Manager::initialize] Load configuration from "orc_config.json": orc_config_file=1.0.0
[2021-11-04 20:08:24,610][INFO ][0x7f104d8fc8c0][.main] yespeech ORC starting ... (ver 1.0.0)
[2021-11-04 20:08:24,610][INFO ][0x7f104d8fc8c0][orc.Manager::initialize] Load configuration from "orc_config.json": orc_config_file=1.0.0
[2021-11-04 20:10:02,152][INFO ][0x7fddb51b88c0][.main] yespeech ORC starting ... (ver 1.0.0)
[2021-11-04 20:10:02,152][INFO ][0x7fddb51b88c0][orc.Manager::initialize] Load configuration from "orc_config.json": orc_config_file=1.0.0
[2021-11-04 20:11:14,770][INFO ][0x7fca64d908c0][.main] yespeech ORC starting ... (ver 1.0.0)
[2021-11-04 20:11:14,770][INFO ][0x7fca64d908c0][orc.Manager::initialize] Load configuration from "orc_config.json": orc_config_file=1.0.0
[2021-11-04 20:12:02,019][INFO ][0x7f614149b8c0][.main] yespeech ORC starting ... (ver 1.0.0)
[2021-11-04 20:12:02,019][INFO ][0x7f614149b8c0][orc.Manager::initialize] Load configuration from "orc_config.json": orc_config_file=1.0.0
[2021-11-04 20:16:22,378][INFO ][0x7f2e4d3378c0][.main] yespeech ORC starting ... (ver 1.0.0)
[2021-11-04 20:16:22,379][INFO ][0x7f2e4d3378c0][orc.Manager::initialize] Load configuration from "orc_config.json": orc_config_file=1.0.0
[2021-11-04 20:17:11,943][INFO ][0x7f025d3428c0][.main] yespeech ORC starting ... (ver 1.0.0)
[2021-11-04 20:17:11,943][INFO ][0x7f025d3428c0][orc.Manager::initialize] Load configuration from "orc_config.json": orc_config_file=1.0.0
[2021-11-04 20:17:33,237][INFO ][0x7fdf45a548c0][.main] yespeech ORC starting ... (ver 1.0.0)
[2021-11-04 20:17:33,238][INFO ][0x7fdf45a548c0][orc.Manager::initialize] Load configuration from "orc_config.json": orc_config_file=1.0.0
[2021-11-04 20:18:42,935][INFO ][0x7f8f55d988c0][.main] yespeech ORC starting ... (ver 1.0.0)
[2021-11-04 20:18:42,935][INFO ][0x7f8f55d988c0][orc.Manager::initialize] Load configuration from "orc_config.json": orc_config_file=1.0.0
[2021-11-04 20:20:00,867][INFO ][0x7f20960d18c0][.main] yespeech ORC starting ... (ver 1.0.0)
[2021-11-04 20:20:00,867][INFO ][0x7f20960d18c0][orc.Manager::initialize] Load configuration from "orc_config.json": orc_config_file=1.0.0
[2021-11-04 20:22:16,268][INFO ][0x7fbc532e38c0][.main] yespeech ORC starting ... (ver 1.0.0)
[2021-11-04 20:22:16,268][INFO ][0x7fbc532e38c0][orc.Manager::initialize] Load configuration from "orc_config.json": orc_config_file=1.0.0
[2021-11-04 20:22:30,013][DEBUG][0x7fbc532e38c0][orc.Codecs::Private::wavSplit] Is PCM File.
[2021-11-04 20:23:24,191][INFO ][0x7f201b16e8c0][.main] yespeech ORC starting ... (ver 1.0.0)
[2021-11-04 20:23:24,191][INFO ][0x7f201b16e8c0][orc.Manager::initialize] Load configuration from "orc_config.json": orc_config_file=1.0.0
[2021-11-04 20:23:27,080][DEBUG][0x7f201b16e8c0][orc.Codecs::Private::wavSplit] Is PCM File.
[2021-11-04 20:23:47,192][INFO ][0x7f3414f068c0][.main] yespeech ORC starting ... (ver 1.0.0)
[2021-11-04 20:23:47,192][INFO ][0x7f3414f068c0][orc.Manager::initialize] Load configuration from "orc_config.json": orc_config_file=1.0.0
[2021-11-04 20:23:49,424][DEBUG][0x7f3414f068c0][orc.Codecs::Private::wavSplit] Is PCM File.
[2021-11-04 20:28:54,567][INFO ][0x7f82923a08c0][.main] yespeech ORC starting ... (ver 1.0.0)
[2021-11-04 20:28:54,567][INFO ][0x7f82923a08c0][orc.Manager::initialize] Load configuration from "orc_config.json": orc_config_file=1.0.0
[2021-11-04 20:29:00,141][DEBUG][0x7f82923a08c0][orc.Codecs::Private::wavSplit] Is PCM File.
[2021-11-04 20:29:31,825][INFO ][0x7f4a92ee98c0][.main] yespeech ORC starting ... (ver 1.0.0)
[2021-11-04 20:29:31,825][INFO ][0x7f4a92ee98c0][orc.Manager::initialize] Load configuration from "orc_config.json": orc_config_file=1.0.0
[2021-11-04 20:29:35,611][DEBUG][0x7f4a92ee98c0][orc.Codecs::Private::wavSplit] Is PCM File.
[2021-11-04 20:32:23,388][INFO ][0x7f1aea1378c0][.main] yespeech ORC starting ... (ver 1.0.0)
[2021-11-04 20:32:23,388][INFO ][0x7f1aea1378c0][orc.Manager::initialize] Load configuration from "orc_config.json": orc_config_file=1.0.0
[2021-11-04 20:33:30,437][DEBUG][0x7f1aea1378c0][orc.Codecs::Private::wavSplit] Is PCM File.
[2021-11-04 20:35:15,884][INFO ][0x7ffff7fd78c0][.main] yespeech ORC starting ... (ver 1.0.0)
[2021-11-04 20:35:15,884][INFO ][0x7ffff7fd78c0][orc.Manager::initialize] Load configuration from "orc_config.json": orc_config_file=1.0.0
[2021-11-04 20:38:07,114][INFO ][0x7ff89186b8c0][.main] yespeech ORC starting ... (ver 1.0.0)
[2021-11-04 20:38:07,115][INFO ][0x7ff89186b8c0][orc.Manager::initialize] Load configuration from "orc_config.json": orc_config_file=1.0.0
[2021-11-04 20:38:13,469][DEBUG][0x7ff89186b8c0][orc.Codecs::Private::wavSplit] Is PCM File.
[2021-11-04 20:38:34,125][INFO ][0x7f35ed0d78c0][.main] yespeech ORC starting ... (ver 1.0.0)
[2021-11-04 20:38:34,126][INFO ][0x7f35ed0d78c0][orc.Manager::initialize] Load configuration from "orc_config.json": orc_config_file=1.0.0
[2021-11-04 20:38:38,251][DEBUG][0x7f35ed0d78c0][orc.Codecs::Private::wavSplit] Is PCM File.
[2021-11-04 20:39:12,636][INFO ][0x7f7c800cd8c0][.main] yespeech ORC starting ... (ver 1.0.0)
[2021-11-04 20:39:12,636][INFO ][0x7f7c800cd8c0][orc.Manager::initialize] Load configuration from "orc_config.json": orc_config_file=1.0.0
[2021-11-04 20:39:19,056][DEBUG][0x7f7c800cd8c0][orc.Codecs::Private::wavSplit] Is Wav File.
[2021-11-04 20:39:19,057][DEBUG][0x7f7c800cd8c0][orc.Codecs::Private::wavSplit] Is G729 Format.
[2021-11-04 20:40:17,411][INFO ][0x7f76045bd8c0][.main] yespeech ORC starting ... (ver 1.0.0)
[2021-11-04 20:40:17,411][INFO ][0x7f76045bd8c0][orc.Manager::initialize] Load configuration from "orc_config.json": orc_config_file=1.0.0
[2021-11-04 20:40:22,763][DEBUG][0x7f76045bd8c0][orc.Codecs::Private::wavSplit] Is Wav File.
[2021-11-04 20:40:22,763][DEBUG][0x7f76045bd8c0][orc.Codecs::Private::wavSplit] Is Wav Format.
[2021-11-04 20:42:25,634][INFO ][0x7f40a2d348c0][.main] yespeech ORC starting ... (ver 1.0.0)
[2021-11-04 20:42:25,634][INFO ][0x7f40a2d348c0][orc.Manager::initialize] Load configuration from "orc_config.json": orc_config_file=1.0.0
[2021-11-04 20:42:30,870][DEBUG][0x7f40a2d348c0][orc.Codecs::Private::wavSplit] Is Wav File.
[2021-11-04 20:42:30,870][DEBUG][0x7f40a2d348c0][orc.Codecs::Private::wavSplit] Is Wav Format.
[2021-11-04 20:43:07,016][INFO ][0x7f9c5f5c78c0][.main] yespeech ORC starting ... (ver 1.0.0)
[2021-11-04 20:43:07,016][INFO ][0x7f9c5f5c78c0][orc.Manager::initialize] Load configuration from "orc_config.json": orc_config_file=1.0.0
[2021-11-04 20:43:09,093][DEBUG][0x7f9c5f5c78c0][orc.Codecs::Private::wavSplit] Is Wav File.
[2021-11-04 20:43:09,093][DEBUG][0x7f9c5f5c78c0][orc.Codecs::Private::wavSplit] Is G729 Format.
[2021-11-04 20:51:37,702][INFO ][0x7ff861cf18c0][.main] yespeech ORC starting ... (ver 1.0.0)
[2021-11-04 20:51:37,702][INFO ][0x7ff861cf18c0][orc.Manager::initialize] Load configuration from "orc_config.json": orc_config_file=1.0.0
[2021-11-04 20:51:40,552][DEBUG][0x7ff861cf18c0][orc.Codecs::Private::wavSplit] Is Wav File.
[2021-11-04 20:51:40,552][DEBUG][0x7ff861cf18c0][orc.Codecs::Private::wavSplit] Is G729 Format.
[2021-11-04 20:59:36,098][INFO ][0x7f56e4fd18c0][.main] yespeech ORC starting ... (ver 1.0.0)
[2021-11-04 20:59:36,098][INFO ][0x7f56e4fd18c0][orc.Manager::initialize] Load configuration from "orc_config.json": orc_config_file=1.0.0
[2021-11-04 20:59:37,021][DEBUG][0x7f56e4fd18c0][orc.Codecs::Private::wavSplit] Is Wav File.
[2021-11-04 20:59:37,021][DEBUG][0x7f56e4fd18c0][orc.Codecs::Private::wavSplit] Is G729 Format.
[2021-11-04 21:01:07,609][INFO ][0x7fae0b2758c0][.main] yespeech ORC starting ... (ver 1.0.0)
[2021-11-04 21:01:07,609][INFO ][0x7fae0b2758c0][orc.Manager::initialize] Load configuration from "orc_config.json": orc_config_file=1.0.0
[2021-11-04 21:01:09,580][DEBUG][0x7fae0b2758c0][orc.Codecs::Private::wavSplit] Is Wav File.
[2021-11-04 21:01:09,580][DEBUG][0x7fae0b2758c0][orc.Codecs::Private::wavSplit] Is G729 Format.
[2021-11-04 21:02:36,752][INFO ][0x7fa80adb08c0][.main] yespeech ORC starting ... (ver 1.0.0)
[2021-11-04 21:02:36,753][INFO ][0x7fa80adb08c0][orc.Manager::initialize] Load configuration from "orc_config.json": orc_config_file=1.0.0
[2021-11-04 21:02:43,011][DEBUG][0x7fa80adb08c0][orc.Codecs::Private::wavSplit] Is Wav File.
[2021-11-04 21:02:43,011][DEBUG][0x7fa80adb08c0][orc.Codecs::Private::wavSplit] Is G729 Format.
[2021-11-05 08:50:08,226][INFO ][0x7f179db928c0][.main] yespeech ORC starting ... (ver 1.0.0)
[2021-11-05 08:50:08,237][INFO ][0x7f179db928c0][orc.Manager::initialize] Load configuration from "orc_config.json": orc_config_file=1.0.0
[2021-11-05 08:51:40,892][DEBUG][0x7f179db928c0][orc.Codecs::Private::wavSplit] Is Wav File.
[2021-11-05 08:51:40,892][DEBUG][0x7f179db928c0][orc.Codecs::Private::wavSplit] Is G729 Format.
[2021-11-05 08:56:03,654][INFO ][0x7fb3f6f2b8c0][.main] yespeech ORC starting ... (ver 1.0.0)
[2021-11-05 08:56:03,654][INFO ][0x7fb3f6f2b8c0][orc.Manager::initialize] Load configuration from "orc_config.json": orc_config_file=1.0.0
[2021-11-05 08:56:11,107][DEBUG][0x7fb3f6f2b8c0][orc.Codecs::Private::wavSplit] Is Wav File.
[2021-11-05 08:56:11,107][DEBUG][0x7fb3f6f2b8c0][orc.Codecs::Private::wavSplit] Is G729 Format.
[2021-11-05 08:58:28,967][INFO ][0x7f4aafaca8c0][.main] yespeech ORC starting ... (ver 1.0.0)
[2021-11-05 08:58:28,967][INFO ][0x7f4aafaca8c0][orc.Manager::initialize] Load configuration from "orc_config.json": orc_config_file=1.0.0
[2021-11-05 08:58:30,769][DEBUG][0x7f4aafaca8c0][orc.Codecs::Private::wavSplit] Is Wav File.
[2021-11-05 08:58:30,769][DEBUG][0x7f4aafaca8c0][orc.Codecs::Private::wavSplit] Is G729 Format.
[2021-11-05 09:00:45,146][INFO ][0x7f8b011f08c0][.main] yespeech ORC starting ... (ver 1.0.0)
[2021-11-05 09:00:45,146][INFO ][0x7f8b011f08c0][orc.Manager::initialize] Load configuration from "orc_config.json": orc_config_file=1.0.0
[2021-11-05 09:00:47,360][DEBUG][0x7f8b011f08c0][orc.Codecs::Private::wavSplit] Is Wav File.
[2021-11-05 09:00:47,360][DEBUG][0x7f8b011f08c0][orc.Codecs::Private::wavSplit] Is G729 Format.
[2021-11-05 09:37:17,263][INFO ][0x7fde6266a8c0][.main] yespeech ORC starting ... (ver 1.0.0)
[2021-11-05 09:37:17,264][INFO ][0x7fde6266a8c0][orc.Manager::initialize] Load configuration from "orc_config.json": orc_config_file=1.0.0
[2021-11-05 09:37:19,690][DEBUG][0x7fde6266a8c0][orc.Codecs::Private::wavSplit] Is Wav File.
[2021-11-05 09:37:19,690][DEBUG][0x7fde6266a8c0][orc.Codecs::Private::wavSplit] Is G729 Format.
[2021-11-05 09:38:45,629][INFO ][0x7f2660e0a8c0][.main] yespeech ORC starting ... (ver 1.0.0)
[2021-11-05 09:38:45,629][INFO ][0x7f2660e0a8c0][orc.Manager::initialize] Load configuration from "orc_config.json": orc_config_file=1.0.0
[2021-11-05 09:38:53,534][DEBUG][0x7f2660e0a8c0][orc.Codecs::Private::wavSplit] Is Wav File.
[2021-11-05 09:38:53,534][DEBUG][0x7f2660e0a8c0][orc.Codecs::Private::wavSplit] Is G729 Format.
[2021-11-05 09:40:29,972][INFO ][0x7f8e32fcd8c0][.main] yespeech ORC starting ... (ver 1.0.0)
[2021-11-05 09:40:29,972][INFO ][0x7f8e32fcd8c0][orc.Manager::initialize] Load configuration from "orc_config.json": orc_config_file=1.0.0
[2021-11-05 09:40:33,391][DEBUG][0x7f8e32fcd8c0][orc.Codecs::Private::wavSplit] Is Wav File.
[2021-11-05 09:40:33,391][DEBUG][0x7f8e32fcd8c0][orc.Codecs::Private::wavSplit] Is G729 Format.
[2021-11-05 09:41:17,597][INFO ][0x7f9da4b748c0][.main] yespeech ORC starting ... (ver 1.0.0)
[2021-11-05 09:41:17,597][INFO ][0x7f9da4b748c0][orc.Manager::initialize] Load configuration from "orc_config.json": orc_config_file=1.0.0
[2021-11-05 09:41:19,371][DEBUG][0x7f9da4b748c0][orc.Codecs::Private::wavSplit] Is Wav File.
[2021-11-05 09:41:19,371][DEBUG][0x7f9da4b748c0][orc.Codecs::Private::wavSplit] Is G729 Format.
[2021-11-05 09:54:40,903][INFO ][0x7fc59b6488c0][.main] yespeech ORC starting ... (ver 1.0.0)
[2021-11-05 09:54:40,903][INFO ][0x7fc59b6488c0][orc.Manager::initialize] Load configuration from "orc_config.json": orc_config_file=1.0.0
[2021-11-05 09:54:47,762][DEBUG][0x7fc59b6488c0][orc.Codecs::Private::wavSplit] Is Wav File.
[2021-11-05 09:54:47,763][DEBUG][0x7fc59b6488c0][orc.Codecs::Private::wavSplit] Is G729 Format.
[2021-11-05 09:55:12,427][INFO ][0x7f39997fb8c0][.main] yespeech ORC starting ... (ver 1.0.0)
[2021-11-05 09:55:12,427][INFO ][0x7f39997fb8c0][orc.Manager::initialize] Load configuration from "orc_config.json": orc_config_file=1.0.0
[2021-11-05 09:55:14,421][DEBUG][0x7f39997fb8c0][orc.Codecs::Private::wavSplit] Is Wav File.
[2021-11-05 09:55:14,421][DEBUG][0x7f39997fb8c0][orc.Codecs::Private::wavSplit] Is G729 Format.
[2021-11-05 09:56:01,448][INFO ][0x7fcc726a08c0][.main] yespeech ORC starting ... (ver 1.0.0)
[2021-11-05 09:56:01,448][INFO ][0x7fcc726a08c0][orc.Manager::initialize] Load configuration from "orc_config.json": orc_config_file=1.0.0
[2021-11-05 09:56:06,030][DEBUG][0x7fcc726a08c0][orc.Codecs::Private::wavSplit] Is Wav File.
[2021-11-05 09:56:06,030][DEBUG][0x7fcc726a08c0][orc.Codecs::Private::wavSplit] Is G729 Format.
[2021-11-05 09:56:29,459][INFO ][0x7fcb5ae2d8c0][.main] yespeech ORC starting ... (ver 1.0.0)
[2021-11-05 09:56:29,459][INFO ][0x7fcb5ae2d8c0][orc.Manager::initialize] Load configuration from "orc_config.json": orc_config_file=1.0.0
[2021-11-05 09:56:34,030][DEBUG][0x7fcb5ae2d8c0][orc.Codecs::Private::wavSplit] Is Wav File.
[2021-11-05 09:56:34,030][DEBUG][0x7fcb5ae2d8c0][orc.Codecs::Private::wavSplit] Is G729 Format.
[2021-11-05 09:59:01,128][INFO ][0x7fc76f9408c0][.main] yespeech ORC starting ... (ver 1.0.0)
[2021-11-05 09:59:01,128][INFO ][0x7fc76f9408c0][orc.Manager::initialize] Load configuration from "orc_config.json": orc_config_file=1.0.0
[2021-11-05 09:59:08,864][DEBUG][0x7fc76f9408c0][orc.Codecs::Private::wavSplit] Is PCM File.
[2021-11-05 10:03:53,915][INFO ][0x7fb5fb2778c0][.main] yespeech ORC starting ... (ver 1.0.0)
[2021-11-05 10:03:53,915][INFO ][0x7fb5fb2778c0][orc.Manager::initialize] Load configuration from "orc_config.json": orc_config_file=1.0.0
[2021-11-05 10:03:56,172][DEBUG][0x7fb5fb2778c0][orc.Codecs::Private::wavSplit] Is Wav File.
[2021-11-05 10:06:35,792][INFO ][0x7ffa947f68c0][.main] yespeech ORC starting ... (ver 1.0.0)
[2021-11-05 10:06:35,792][INFO ][0x7ffa947f68c0][orc.Manager::initialize] Load configuration from "orc_config.json": orc_config_file=1.0.0
[2021-11-05 10:06:37,614][DEBUG][0x7ffa947f68c0][orc.Codecs::Private::wavSplit] Is Wav File.
[2021-11-05 10:06:37,614][DEBUG][0x7ffa947f68c0][orc.Codecs::Private::wavSplit] Is G729 Format.
[2021-11-05 10:17:02,027][INFO ][0x7f98712568c0][.main] yespeech ORC starting ... (ver 1.0.0)
[2021-11-05 10:17:02,029][INFO ][0x7f98712568c0][orc.Manager::initialize] Load configuration from "orc_config.json": orc_config_file=1.0.0
[2021-11-05 10:17:04,642][DEBUG][0x7f98712568c0][orc.Codecs::Private::wavSplit] Is Wav File.
[2021-11-05 10:17:04,642][DEBUG][0x7f98712568c0][orc.Codecs::Private::wavSplit] Is G729 Format.
[2021-11-05 10:18:03,495][INFO ][0x7f5abb4f58c0][.main] yespeech ORC starting ... (ver 1.0.0)
[2021-11-05 10:18:03,495][INFO ][0x7f5abb4f58c0][orc.Manager::initialize] Load configuration from "orc_config.json": orc_config_file=1.0.0
[2021-11-05 10:18:07,606][DEBUG][0x7f5abb4f58c0][orc.Codecs::Private::wavSplit] Is Wav File.
[2021-11-05 10:18:07,606][DEBUG][0x7f5abb4f58c0][orc.Codecs::Private::wavSplit] Is G729 Format.
[2021-11-05 15:41:58,575][INFO ][0x7f8e589968c0][.main] yespeech ORC starting ... (ver 1.0.0)
[2021-11-05 15:41:58,575][INFO ][0x7f8e589968c0][orc.Manager::initialize] Load configuration from "orc_config.json": orc_config_file=1.0.0
[2021-11-05 15:42:01,595][DEBUG][0x7f8e589968c0][orc.Codecs::Private::wavSplit] Is Wav File.
[2021-11-05 15:42:01,595][DEBUG][0x7f8e589968c0][orc.Codecs::Private::wavSplit] Is G729 Format.
[2021-11-06 10:55:46,930][INFO ][0x7ff6512ba8c0][.main] yespeech ORC starting ... (ver 1.0.0)
[2021-11-06 10:55:46,930][INFO ][0x7ff6512ba8c0][orc.Manager::initialize] Load configuration from "orc_config.json": orc_config_file=1.0.0
[2021-11-06 10:55:53,425][DEBUG][0x7ff6512ba8c0][orc.Codecs::Private::wavSplit] Is Wav File.
[2021-11-06 10:55:53,425][DEBUG][0x7ff6512ba8c0][orc.Codecs::Private::wavSplit] Is Wav Format.
[2021-11-06 10:57:25,220][INFO ][0x7fa9670438c0][.main] yespeech ORC starting ... (ver 1.0.0)
[2021-11-06 10:57:25,220][INFO ][0x7fa9670438c0][orc.Manager::initialize] Load configuration from "orc_config.json": orc_config_file=1.0.0
[2021-11-06 10:57:42,010][DEBUG][0x7fa9670438c0][orc.Codecs::Private::wavSplit] Is Wav File.
[2021-11-06 10:57:42,010][DEBUG][0x7fa9670438c0][orc.Codecs::Private::wavSplit] Is Wav Format.
[2021-11-06 10:57:42,049][DEBUG][0x7fa9670438c0][orc.Codecs::Private::wavSplit] Is Wav File.
[2021-11-06 10:57:42,049][DEBUG][0x7fa9670438c0][orc.Codecs::Private::wavSplit] Is Wav Format.
[2021-11-06 10:59:31,391][INFO ][0x7fe647dab8c0][.main] yespeech ORC starting ... (ver 1.0.0)
[2021-11-06 10:59:31,392][INFO ][0x7fe647dab8c0][orc.Manager::initialize] Load configuration from "orc_config.json": orc_config_file=1.0.0
[2021-11-06 10:59:37,206][DEBUG][0x7fe647dab8c0][orc.Codecs::Private::wavSplit] Is Wav File.
[2021-11-06 10:59:37,206][DEBUG][0x7fe647dab8c0][orc.Codecs::Private::wavSplit] Is Wav Format.
[2021-11-06 10:59:44,334][DEBUG][0x7fe647dab8c0][orc.Codecs::Private::wavSplit] Is Wav File.
[2021-11-06 10:59:44,334][DEBUG][0x7fe647dab8c0][orc.Codecs::Private::wavSplit] Is Wav Format.
[2021-11-06 11:02:20,891][INFO ][0x7fd95c8338c0][.main] yespeech ORC starting ... (ver 1.0.0)
[2021-11-06 11:02:20,891][INFO ][0x7fd95c8338c0][orc.Manager::initialize] Load configuration from "orc_config.json": orc_config_file=1.0.0
[2021-11-06 11:02:26,010][DEBUG][0x7fd95c8338c0][orc.Codecs::Private::wavSplit] Is Wav File.
[2021-11-06 11:02:26,010][DEBUG][0x7fd95c8338c0][orc.Codecs::Private::wavSplit] Is Wav Format.
[2021-11-06 11:02:43,438][DEBUG][0x7fd95c8338c0][orc.Codecs::Private::wavSplit] Is Wav File.
[2021-11-06 11:02:43,438][DEBUG][0x7fd95c8338c0][orc.Codecs::Private::wavSplit] Is Wav Format.
[2021-11-06 11:03:02,736][INFO ][0x7f93772448c0][.main] yespeech ORC starting ... (ver 1.0.0)
[2021-11-06 11:03:02,736][INFO ][0x7f93772448c0][orc.Manager::initialize] Load configuration from "orc_config.json": orc_config_file=1.0.0
[2021-11-06 11:03:06,900][DEBUG][0x7f93772448c0][orc.Codecs::Private::wavSplit] Is Wav File.
[2021-11-06 11:03:06,900][DEBUG][0x7f93772448c0][orc.Codecs::Private::wavSplit] Is Wav Format.
[2021-11-06 11:03:33,096][DEBUG][0x7f93772448c0][orc.Codecs::Private::wavSplit] Is Wav File.
[2021-11-06 11:03:33,096][DEBUG][0x7f93772448c0][orc.Codecs::Private::wavSplit] Is Wav Format.
[2021-11-06 11:04:40,948][INFO ][0x7fb986d418c0][.main] yespeech ORC starting ... (ver 1.0.0)
[2021-11-06 11:04:40,949][INFO ][0x7fb986d418c0][orc.Manager::initialize] Load configuration from "orc_config.json": orc_config_file=1.0.0
[2021-11-06 11:04:43,925][DEBUG][0x7fb986d418c0][orc.Codecs::Private::wavSplit] Is Wav File.
[2021-11-06 11:04:43,925][DEBUG][0x7fb986d418c0][orc.Codecs::Private::wavSplit] Is Wav Format.
[2021-11-06 11:04:43,956][DEBUG][0x7fb986d418c0][orc.Codecs::Private::wavSplit] Is Wav File.
[2021-11-06 11:04:43,956][DEBUG][0x7fb986d418c0][orc.Codecs::Private::wavSplit] Is Wav Format.
[2021-11-06 11:05:18,144][INFO ][0x7ff01bc8c8c0][.main] yespeech ORC starting ... (ver 1.0.0)
[2021-11-06 11:05:18,144][INFO ][0x7ff01bc8c8c0][orc.Manager::initialize] Load configuration from "orc_config.json": orc_config_file=1.0.0
[2021-11-06 11:05:20,739][DEBUG][0x7ff01bc8c8c0][orc.Codecs::Private::wavSplit] Is Wav File.
[2021-11-06 11:05:20,739][DEBUG][0x7ff01bc8c8c0][orc.Codecs::Private::wavSplit] Is Wav Format.
[2021-11-06 11:05:20,767][DEBUG][0x7ff01bc8c8c0][orc.Codecs::Private::wavSplit] Is Wav File.
[2021-11-06 11:05:20,768][DEBUG][0x7ff01bc8c8c0][orc.Codecs::Private::wavSplit] Is Wav Format.
[2021-11-06 11:06:35,573][INFO ][0x7f885620a8c0][.main] yespeech ORC starting ... (ver 1.0.0)
[2021-11-06 11:06:35,573][INFO ][0x7f885620a8c0][orc.Manager::initialize] Load configuration from "orc_config.json": orc_config_file=1.0.0
[2021-11-06 11:06:37,236][DEBUG][0x7f885620a8c0][orc.Codecs::Private::wavSplit] Is Wav File.
[2021-11-06 11:06:37,236][DEBUG][0x7f885620a8c0][orc.Codecs::Private::wavSplit] Is Wav Format.
[2021-11-06 11:06:37,270][DEBUG][0x7f885620a8c0][orc.Codecs::Private::wavSplit] Is Wav File.
[2021-11-06 11:06:37,270][DEBUG][0x7f885620a8c0][orc.Codecs::Private::wavSplit] Is Wav Format.
[2021-11-06 11:08:36,827][INFO ][0x7f9624d188c0][.main] yespeech ORC starting ... (ver 1.0.0)
[2021-11-06 11:08:36,829][INFO ][0x7f9624d188c0][orc.Manager::initialize] Load configuration from "orc_config.json": orc_config_file=1.0.0
[2021-11-06 11:09:37,021][INFO ][0x7f514cc498c0][.main] yespeech ORC starting ... (ver 1.0.0)
[2021-11-06 11:09:37,021][INFO ][0x7f514cc498c0][orc.Manager::initialize] Load configuration from "orc_config.json": orc_config_file=1.0.0
[2021-11-06 11:09:43,273][DEBUG][0x7f514cc498c0][orc.Codecs::Private::wavSplit] Is Wav File.
[2021-11-06 11:09:43,273][DEBUG][0x7f514cc498c0][orc.Codecs::Private::wavSplit] Is Wav Format.
[2021-11-06 20:08:14,881][INFO ][0x7fb64a1228c0][.main] yespeech ORC starting ... (ver 1.0.0)
[2021-11-06 20:08:14,882][FATAL][0x7fb64a1228c0][orc.Manager::initialize] Can not load configuration sub-set for "orc"
[2021-11-06 20:08:14,882][DEBUG][0x7fb64a1228c0][.main] Press ^C to exit demo
[2021-11-06 20:10:18,540][INFO ][0x7ffff7fd18c0][.main] yespeech ORC starting ... (ver 1.0.0)
[2021-11-06 20:10:18,540][FATAL][0x7ffff7fd18c0][orc.Manager::initialize] Can not load configuration sub-set for "orc"
[2021-11-06 20:10:18,540][DEBUG][0x7ffff7fd18c0][.main] Press ^C to exit demo
[2021-11-06 20:13:16,803][INFO ][0x7f769e9558c0][.main] yespeech ORC starting ... (ver 1.0.0)
[2021-11-06 20:13:16,803][FATAL][0x7f769e9558c0][orc.Manager::initialize] Can not load configuration sub-set for "orc"
[2021-11-06 20:13:16,803][DEBUG][0x7f769e9558c0][.main] Press ^C to exit demo
[2021-11-06 20:13:38,892][INFO ][0x7feb92c888c0][.main] yespeech ORC starting ... (ver 1.0.0)
[2021-11-06 20:13:38,896][INFO ][0x7feb92c888c0][orc.Manager::initialize] Load configuration from "orc_config.json": orc_config_file=1.0.0
[2021-11-06 20:13:38,897][DEBUG][0x7feb92c888c0][.main] Press ^C to exit demo
[2021-11-06 20:13:43,618][DEBUG][0x7f514cc498c0][orc.Codecs::Private::wavSplit] Is Wav File.
[2021-11-06 20:13:43,618][DEBUG][0x7f514cc498c0][orc.Codecs::Private::wavSplit] Is Wav Format.
[2021-11-06 20:13:43,620][DEBUG][0x7feb92c888c0][orc.Codecs::Private::wavSplit] Is PCM File.
[2021-11-06 20:13:43,680][DEBUG][0x7f514cc498c0][orc.Codecs::Private::wavSplit] Is Wav File.
[2021-11-06 20:13:43,680][DEBUG][0x7f514cc498c0][orc.Codecs::Private::wavSplit] Is Wav Format.
[2021-11-06 20:14:47,855][INFO ][0x7f9432dfb8c0][.main] yespeech ORC starting ... (ver 1.0.0)
[2021-11-06 20:14:47,855][INFO ][0x7f9432dfb8c0][orc.Manager::initialize] Load configuration from "orc_config.json": orc_config_file=1.0.0
[2021-11-06 20:14:47,855][DEBUG][0x7f9432dfb8c0][.main] Press ^C to exit demo
[2021-11-06 20:15:38,041][INFO ][0x7f4b104288c0][.main] yespeech ORC starting ... (ver 1.0.0)
[2021-11-06 20:15:38,042][INFO ][0x7f4b104288c0][orc.Manager::initialize] Load configuration from "orc_config.json": orc_config_file=1.0.0
[2021-11-06 20:15:38,042][DEBUG][0x7f4b104288c0][.main] Press ^C to exit demo
[2021-11-06 20:16:52,003][INFO ][0x7fe7f19648c0][.main] yespeech ORC starting ... (ver 1.0.0)
[2021-11-06 20:16:52,018][INFO ][0x7fe7f19648c0][orc.Manager::initialize] Load configuration from "orc_config.json": orc_config_file=1.0.0
[2021-11-06 20:16:52,018][DEBUG][0x7fe7f19648c0][.main] Press ^C to exit demo
[2021-11-06 20:16:52,032][DEBUG][0x7f514cc498c0][orc.Codecs::Private::wavSplit] Is Wav File.
[2021-11-06 20:16:52,032][DEBUG][0x7f514cc498c0][orc.Codecs::Private::wavSplit] Is Wav Format.
[2021-11-06 20:17:02,941][DEBUG][0x7fe7f19648c0][orc.Codecs::Private::wavSplit] Is Wav File.
[2021-11-06 20:17:02,941][DEBUG][0x7fe7f19648c0][orc.Codecs::Private::wavSplit] Is Wav Format.
[2021-11-06 20:17:02,944][DEBUG][0x7f514cc498c0][orc.Codecs::Private::wavSplit] Is Wav File.
[2021-11-06 20:17:02,944][DEBUG][0x7f514cc498c0][orc.Codecs::Private::wavSplit] Is Wav Format.
[2021-11-07 19:40:48,935][INFO ][0x7ff8f1a688c0][.main] yespeech ORC starting ... (ver 1.0.0)
[2021-11-07 19:40:48,939][INFO ][0x7ff8f1a688c0][orc.Manager::initialize] Load configuration from "orc_config.json": orc_config_file=1.0.0
[2021-11-07 19:41:32,753][INFO ][0x7f31ee2ff8c0][.main] yespeech ORC starting ... (ver 1.0.0)
[2021-11-07 19:41:32,754][INFO ][0x7f31ee2ff8c0][orc.Manager::initialize] Load configuration from "orc_config.json": orc_config_file=1.0.0
[2021-11-07 19:42:35,579][INFO ][0x7f5fde39c8c0][.main] yespeech ORC starting ... (ver 1.0.0)
[2021-11-07 19:42:35,579][INFO ][0x7f5fde39c8c0][orc.Manager::initialize] Load configuration from "orc_config.json": orc_config_file=1.0.0
[2021-11-07 19:43:34,684][INFO ][0x7ffff7fd68c0][.main] yespeech ORC starting ... (ver 1.0.0)
[2021-11-07 19:43:34,684][INFO ][0x7ffff7fd68c0][orc.Manager::initialize] Load configuration from "orc_config.json": orc_config_file=1.0.0
[2021-11-07 19:47:09,999][INFO ][0x7ffff7fd68c0][.main] yespeech ORC starting ... (ver 1.0.0)
[2021-11-07 19:47:09,999][INFO ][0x7ffff7fd68c0][orc.Manager::initialize] Load configuration from "orc_config.json": orc_config_file=1.0.0
[2021-11-07 19:51:19,469][INFO ][0x7ffff7fd68c0][.main] yespeech ORC starting ... (ver 1.0.0)
[2021-11-07 19:51:19,469][INFO ][0x7ffff7fd68c0][orc.Manager::initialize] Load configuration from "orc_config.json": orc_config_file=1.0.0
[2021-11-07 19:57:06,480][INFO ][0x7f717c40a8c0][.main] yespeech ORC starting ... (ver 1.0.0)
[2021-11-07 19:57:06,480][INFO ][0x7f717c40a8c0][orc.Manager::initialize] Load configuration from "orc_config.json": orc_config_file=1.0.0
[2021-11-07 19:57:30,201][INFO ][0x7fdf0c00b8c0][.main] yespeech ORC starting ... (ver 1.0.0)
[2021-11-07 19:57:30,201][INFO ][0x7fdf0c00b8c0][orc.Manager::initialize] Load configuration from "orc_config.json": orc_config_file=1.0.0
[2021-11-07 20:02:13,843][INFO ][0x7fb8655188c0][.main] yespeech ORC starting ... (ver 1.0.0)
[2021-11-07 20:02:13,843][INFO ][0x7fb8655188c0][orc.Manager::initialize] Load configuration from "orc_config.json": orc_config_file=1.0.0
[2021-11-07 20:03:22,418][INFO ][0x7ffff7fd68c0][.main] yespeech ORC starting ... (ver 1.0.0)
[2021-11-07 20:03:22,418][INFO ][0x7ffff7fd68c0][orc.Manager::initialize] Load configuration from "orc_config.json": orc_config_file=1.0.0
[2021-11-07 20:21:21,163][INFO ][0x7fb0f569c8c0][.main] yespeech ORC starting ... (ver 1.0.0)
[2021-11-07 20:21:21,164][INFO ][0x7fb0f569c8c0][orc.Manager::initialize] Load configuration from "orc_config.json": orc_config_file=1.0.0
[2021-11-07 20:22:17,461][INFO ][0x7f7e145288c0][.main] yespeech ORC starting ... (ver 1.0.0)
[2021-11-07 20:22:17,462][INFO ][0x7f7e145288c0][orc.Manager::initialize] Load configuration from "orc_config.json": orc_config_file=1.0.0
[2021-11-07 20:55:19,534][INFO ][0x7fbf206008c0][.main] yespeech ORC starting ... (ver 1.0.0)
[2021-11-07 20:55:19,535][INFO ][0x7fbf206008c0][orc.Manager::initialize] Load configuration from "orc_config.json": orc_config_file=1.0.0
[2021-11-07 20:55:19,535][DEBUG][0x7fbf206008c0][.main] Press ^C to exit demo
[2021-11-07 20:55:27,900][DEBUG][0x7fbf206008c0][orc.Codecs::Private::wavSplit] Is Wav File.
[2021-11-07 20:55:27,900][DEBUG][0x7fbf206008c0][orc.Codecs::Private::wavSplit] Is Wav Format.
[2021-11-07 20:55:27,903][DEBUG][0x7fbf1a359700][orc.Codecs::Private::wavSplit] Is Wav File.
[2021-11-07 20:55:27,903][DEBUG][0x7fbf1a359700][orc.Codecs::Private::wavSplit] Is Wav Format.
[2021-11-07 20:56:07,212][INFO ][0x7fd4dee318c0][.main] yespeech ORC starting ... (ver 1.0.0)
[2021-11-07 20:56:07,218][INFO ][0x7fd4dee318c0][orc.Manager::initialize] Load configuration from "orc_config.json": orc_config_file=1.0.0
[2021-11-07 20:56:07,218][DEBUG][0x7fd4dee318c0][.main] Press ^C to exit demo
[2021-11-07 20:56:10,021][DEBUG][0x7fd4d8b8a700][orc.Codecs::Private::wavSplit] Is Wav File.
[2021-11-07 20:56:10,021][DEBUG][0x7fd4d8b8a700][orc.Codecs::Private::wavSplit] Is Wav Format.
[2021-11-07 20:56:10,024][DEBUG][0x7fd4dee318c0][orc.Codecs::Private::wavSplit] Is Wav File.
[2021-11-07 20:56:10,024][DEBUG][0x7fd4dee318c0][orc.Codecs::Private::wavSplit] Is Wav Format.
[2021-11-08 13:47:11,777][INFO ][0x7fd43e3088c0][.main] yespeech ORC starting ... (ver 1.0.0)
[2021-11-08 13:47:11,777][FATAL][0x7fd43e3088c0][orc.Manager::initialize] Can not load configuration sub-set for "orc"
[2021-11-08 13:47:11,777][DEBUG][0x7fd43e3088c0][.main] Press ^C to exit demo
[2021-11-08 13:47:26,110][DEBUG][0x7fd43e3088c0][orc.Codecs::Private::wavSplit] Is Wav File.
[2021-11-08 13:47:26,110][DEBUG][0x7fd43e3088c0][orc.Codecs::Private::wavSplit] Is Wav Format.
[2021-11-08 13:47:43,190][INFO ][0x7f4d369bb8c0][.main] yespeech ORC starting ... (ver 1.0.0)
[2021-11-08 13:47:43,191][FATAL][0x7f4d369bb8c0][orc.Manager::initialize] Can not load configuration sub-set for "orc"
[2021-11-08 13:47:43,191][DEBUG][0x7f4d369bb8c0][.main] Press ^C to exit demo
[2021-11-08 13:51:48,692][DEBUG][0x7f4d369bb8c0][orc.Codecs::Private::wavSplit] Is Wav File.
[2021-11-08 13:51:48,692][DEBUG][0x7f4d369bb8c0][orc.Codecs::Private::wavSplit] Is Wav Format.
[2021-11-08 14:02:44,406][INFO ][0x7f0344a5f8c0][.main] yespeech ORC starting ... (ver 1.0.0)
[2021-11-08 14:02:44,406][FATAL][0x7f0344a5f8c0][orc.Manager::initialize] Can not load configuration sub-set for "orc"
[2021-11-08 14:02:44,406][DEBUG][0x7f0344a5f8c0][.main] Press ^C to exit demo
[2021-11-08 14:41:27,690][INFO ][0x7f7971adf8c0][.main] yespeech ORC starting ... (ver 1.0.0)
[2021-11-08 14:41:27,691][FATAL][0x7f7971adf8c0][orc.Manager::initialize] Can not load configuration sub-set for "orc"
[2021-11-08 14:41:27,691][DEBUG][0x7f7971adf8c0][.main] Press ^C to exit demo
[2021-11-08 14:41:47,764][INFO ][0x7f66a00d08c0][.main] yespeech ORC starting ... (ver 1.0.0)
[2021-11-08 14:41:47,769][INFO ][0x7f66a00d08c0][orc.Manager::initialize] Load configuration from "orc_config.json": orc_config_file=1.0.0
[2021-11-08 14:41:47,769][DEBUG][0x7f66a00d08c0][.main] Press ^C to exit demo
[2021-11-08 14:42:00,884][DEBUG][0x7f6699e29700][orc.Codecs::Private::wavSplit] Is Wav File.
[2021-11-08 14:42:00,884][DEBUG][0x7f6699e29700][orc.Codecs::Private::wavSplit] Is Wav Format.
[2021-11-08 14:42:00,888][DEBUG][0x7f66a00d08c0][orc.Codecs::Private::wavSplit] Is Wav File.
[2021-11-08 14:42:00,888][DEBUG][0x7f66a00d08c0][orc.Codecs::Private::wavSplit] Is Wav Format.
[2021-11-08 14:43:00,638][INFO ][0x7f01684858c0][.main] yespeech ORC starting ... (ver 1.0.0)
[2021-11-08 14:43:00,644][INFO ][0x7f01684858c0][orc.Manager::initialize] Load configuration from "orc_config.json": orc_config_file=1.0.0
[2021-11-08 14:43:00,645][DEBUG][0x7f01684858c0][.main] Press ^C to exit demo
[2021-11-08 14:43:12,551][INFO ][0x7f8451a0e8c0][.main] yespeech ORC starting ... (ver 1.0.0)
[2021-11-08 14:43:12,557][INFO ][0x7f8451a0e8c0][orc.Manager::initialize] Load configuration from "orc_config.json": orc_config_file=1.0.0
[2021-11-08 14:43:12,557][DEBUG][0x7f8451a0e8c0][.main] Press ^C to exit demo
[2021-11-08 14:43:16,875][DEBUG][0x7f844b767700][orc.Codecs::Private::wavSplit] Is Wav File.
[2021-11-08 14:43:16,875][DEBUG][0x7f844b767700][orc.Codecs::Private::wavSplit] Is Wav Format.
[2021-11-08 14:43:16,879][DEBUG][0x7f8451a0e8c0][orc.Codecs::Private::wavSplit] Is Wav File.
[2021-11-08 14:43:16,879][DEBUG][0x7f8451a0e8c0][orc.Codecs::Private::wavSplit] Is Wav Format.
[2021-11-16 10:29:42,827][INFO ][0x7f512c3828c0][.main] yespeech ORC starting ... (ver 1.0.0)
[2021-11-16 10:31:26,111][INFO ][0x7f065c18c8c0][.main] yespeech ORC starting ... (ver 1.0.0)
[2021-11-16 10:31:37,360][INFO ][0x7ffff7fd68c0][.main] yespeech ORC starting ... (ver 1.0.0)
[2021-11-16 10:32:42,254][INFO ][0x7f05429f78c0][.main] yespeech ORC starting ... (ver 1.0.0)
[2021-11-16 10:35:01,497][INFO ][0x7f02e655d8c0][.main] yespeech ORC starting ... (ver 1.0.0)
[2021-11-16 10:35:01,497][FATAL][0x7f02e655d8c0][orc.Manager::initialize] Can not load configuration sub-set for "orc"
[2021-11-16 10:35:01,497][DEBUG][0x7f02e655d8c0][.main] Press ^C to exit demo
[2021-11-16 10:35:16,012][INFO ][0x7ffff7fd68c0][.main] yespeech ORC starting ... (ver 1.0.0)
[2021-11-16 10:35:16,012][FATAL][0x7ffff7fd68c0][orc.Manager::initialize] Can not load configuration sub-set for "orc"
[2021-11-16 10:35:16,012][DEBUG][0x7ffff7fd68c0][.main] Press ^C to exit demo
[2021-11-16 10:35:46,385][INFO ][0x7ffff7fd68c0][.main] yespeech ORC starting ... (ver 1.0.0)
[2021-11-16 10:35:46,385][FATAL][0x7ffff7fd68c0][orc.Manager::initialize] Can not load configuration sub-set for "orc"
[2021-11-16 10:35:46,385][DEBUG][0x7ffff7fd68c0][.main] Press ^C to exit demo
[2021-11-16 10:41:23,886][INFO ][0x7ffff7fd68c0][.main] yespeech ORC starting ... (ver 1.0.0)
[2021-11-16 10:41:23,886][FATAL][0x7ffff7fd68c0][orc.Manager::initialize] Can not load configuration sub-set for "orc"
[2021-11-16 10:41:23,886][DEBUG][0x7ffff7fd68c0][.main] Press ^C to exit demo
[2021-11-16 10:43:04,760][INFO ][0x7ffff7fd68c0][.main] yespeech ORC starting ... (ver 1.0.0)
[2021-11-16 10:43:04,761][FATAL][0x7ffff7fd68c0][orc.Manager::initialize] Can not load configuration sub-set for "orc"
[2021-11-16 10:43:04,761][DEBUG][0x7ffff7fd68c0][.main] Press ^C to exit demo
[2021-11-16 10:55:37,848][INFO ][0x7ffff7fd68c0][.main] yespeech ORC starting ... (ver 1.0.0)
[2021-11-16 10:55:37,848][FATAL][0x7ffff7fd68c0][orc.Manager::initialize] Can not load configuration sub-set for "orc"
[2021-11-16 10:55:37,848][DEBUG][0x7ffff7fd68c0][.main] Press ^C to exit demo
[2021-11-16 10:56:45,904][INFO ][0x7ffff7fd68c0][.main] yespeech ORC starting ... (ver 1.0.0)
[2021-11-16 10:56:45,904][FATAL][0x7ffff7fd68c0][orc.Manager::initialize] Can not load configuration sub-set for "orc"
[2021-11-16 10:56:45,904][DEBUG][0x7ffff7fd68c0][.main] Press ^C to exit demo
[2021-11-16 10:57:34,264][INFO ][0x7ffff7fd68c0][.main] yespeech ORC starting ... (ver 1.0.0)
[2021-11-16 10:57:34,267][INFO ][0x7ffff7fd68c0][orc.Manager::initialize] Load configuration from "orc_config.json": orc_config_file=1.0.0
[2021-11-16 10:57:34,269][DEBUG][0x7ffff7fd68c0][.main] Press ^C to exit demo
[2021-11-16 11:29:04,987][INFO ][0x7f30dd99f8c0][.main] yespeech ORC starting ... (ver 1.0.0)
[2021-11-16 11:29:04,988][INFO ][0x7f30dd99f8c0][orc.Manager::initialize] Load configuration from "orc_config.json": orc_config_file=1.0.0
[2021-11-16 11:29:04,988][DEBUG][0x7f30dd99f8c0][.main] Press ^C to exit demo
[2021-11-16 11:30:53,737][INFO ][0x7f20abe3a8c0][.main] yespeech ORC starting ... (ver 1.0.0)
[2021-11-16 11:30:53,737][INFO ][0x7f20abe3a8c0][orc.Manager::initialize] Load configuration from "orc_config.json": orc_config_file=1.0.0
[2021-11-16 11:32:33,694][INFO ][0x7ffff7fd68c0][.main] yespeech ORC starting ... (ver 1.0.0)
[2021-11-16 11:32:33,694][INFO ][0x7ffff7fd68c0][orc.Manager::initialize] Load configuration from "orc_config.json": orc_config_file=1.0.0
[2021-11-16 11:37:52,449][INFO ][0x7ffff7fd68c0][.main] yespeech ORC starting ... (ver 1.0.0)
[2021-11-16 11:37:52,451][INFO ][0x7ffff7fd68c0][orc.Manager::initialize] Load configuration from "orc_config.json": orc_config_file=1.0.0
[2021-11-16 11:41:19,385][INFO ][0x7ffff7fd68c0][.main] yespeech ORC starting ... (ver 1.0.0)
[2021-11-16 11:41:19,388][INFO ][0x7ffff7fd68c0][orc.Manager::initialize] Load configuration from "orc_config.json": orc_config_file=1.0.0
[2021-11-16 11:42:19,537][INFO ][0x7ffff7fd68c0][.main] yespeech ORC starting ... (ver 1.0.0)
[2021-11-16 11:42:19,540][INFO ][0x7ffff7fd68c0][orc.Manager::initialize] Load configuration from "orc_config.json": orc_config_file=1.0.0
[2021-11-16 11:44:34,590][INFO ][0x7ffff7fd68c0][.main] yespeech ORC starting ... (ver 1.0.0)
[2021-11-16 11:44:34,593][INFO ][0x7ffff7fd68c0][orc.Manager::initialize] Load configuration from "orc_config.json": orc_config_file=1.0.0
[2021-11-16 11:45:44,120][INFO ][0x7ffff7fd68c0][.main] yespeech ORC starting ... (ver 1.0.0)
[2021-11-16 11:45:44,123][INFO ][0x7ffff7fd68c0][orc.Manager::initialize] Load configuration from "orc_config.json": orc_config_file=1.0.0
[2021-11-16 11:47:57,893][INFO ][0x7ffff7fd68c0][.main] yespeech ORC starting ... (ver 1.0.0)
[2021-11-16 11:47:57,896][INFO ][0x7ffff7fd68c0][orc.Manager::initialize] Load configuration from "orc_config.json": orc_config_file=1.0.0
[2021-11-16 11:49:04,277][INFO ][0x7fb6bf8e88c0][.main] yespeech ORC starting ... (ver 1.0.0)
[2021-11-16 11:49:04,278][INFO ][0x7fb6bf8e88c0][orc.Manager::initialize] Load configuration from "orc_config.json": orc_config_file=1.0.0
[2021-11-16 12:04:55,068][INFO ][0x7fb97d0958c0][.main] yespeech ORC starting ... (ver 1.0.0)
[2021-11-16 12:04:55,071][INFO ][0x7fb97d0958c0][orc.Manager::initialize] Load configuration from "orc_config.json": orc_config_file=1.0.0
[2021-11-16 12:06:01,682][INFO ][0x7ffff7fd68c0][.main] yespeech ORC starting ... (ver 1.0.0)
[2021-11-16 12:06:01,684][INFO ][0x7ffff7fd68c0][orc.Manager::initialize] Load configuration from "orc_config.json": orc_config_file=1.0.0
[2021-11-16 12:06:05,333][DEBUG][0x7ffff7fd68c0][orc.Codecs::Private::wavSplit] Is Wav File.
[2021-11-16 12:06:05,333][DEBUG][0x7ffff7fd68c0][orc.Codecs::Private::wavSplit] Is Wav Format.
[2021-11-16 12:07:53,299][INFO ][0x7ffff7fd68c0][.main] yespeech ORC starting ... (ver 1.0.0)
[2021-11-16 12:07:53,302][INFO ][0x7ffff7fd68c0][orc.Manager::initialize] Load configuration from "orc_config.json": orc_config_file=1.0.0
[2021-11-16 12:07:55,886][DEBUG][0x7ffff7fd68c0][orc.Codecs::Private::wavSplit] Is Wav File.
[2021-11-16 12:07:55,886][DEBUG][0x7ffff7fd68c0][orc.Codecs::Private::wavSplit] Is Wav Format.
[2021-11-16 13:36:20,374][DEBUG][0x7ffff7fd68c0][orc.Codecs::Private::wavSplit] Is Wav File.
[2021-11-16 13:36:20,374][DEBUG][0x7ffff7fd68c0][orc.Codecs::Private::wavSplit] Is Wav Format.
[2021-11-16 13:36:20,393][DEBUG][0x7ffff7fd68c0][orc.Codecs::Private::wavSplit] Is Wav File.
[2021-11-16 13:36:20,393][DEBUG][0x7ffff7fd68c0][orc.Codecs::Private::wavSplit] Is Wav Format.
[2021-11-16 13:36:20,413][DEBUG][0x7ffff7fd68c0][orc.Codecs::Private::wavSplit] Is Wav File.
[2021-11-16 13:36:20,413][DEBUG][0x7ffff7fd68c0][orc.Codecs::Private::wavSplit] Is Wav Format.
[2021-11-16 13:36:20,430][DEBUG][0x7ffff7fd68c0][orc.Codecs::Private::wavSplit] Is Wav File.
[2021-11-16 13:36:20,430][DEBUG][0x7ffff7fd68c0][orc.Codecs::Private::wavSplit] Is Wav Format.
[2021-11-16 13:36:20,447][DEBUG][0x7ffff7fd68c0][orc.Codecs::Private::wavSplit] Is Wav File.
[2021-11-16 13:36:20,447][DEBUG][0x7ffff7fd68c0][orc.Codecs::Private::wavSplit] Is Wav Format.
[2021-11-16 13:36:20,468][DEBUG][0x7ffff7fd68c0][orc.Codecs::Private::wavSplit] Is Wav File.
[2021-11-16 13:36:20,468][DEBUG][0x7ffff7fd68c0][orc.Codecs::Private::wavSplit] Is Wav Format.
[2021-11-16 13:36:20,488][DEBUG][0x7ffff7fd68c0][orc.Codecs::Private::wavSplit] Is Wav File.
[2021-11-16 13:36:20,488][DEBUG][0x7ffff7fd68c0][orc.Codecs::Private::wavSplit] Is Wav Format.
[2021-11-16 13:36:20,505][DEBUG][0x7ffff7fd68c0][orc.Codecs::Private::wavSplit] Is Wav File.
[2021-11-16 13:36:20,505][DEBUG][0x7ffff7fd68c0][orc.Codecs::Private::wavSplit] Is Wav Format.
[2021-11-16 13:36:20,524][DEBUG][0x7ffff7fd68c0][orc.Codecs::Private::wavSplit] Is Wav File.
[2021-11-16 13:36:20,524][DEBUG][0x7ffff7fd68c0][orc.Codecs::Private::wavSplit] Is Wav Format.
[2021-11-16 13:36:20,544][DEBUG][0x7ffff7fd68c0][orc.Codecs::Private::wavSplit] Is Wav File.
[2021-11-16 13:36:20,544][DEBUG][0x7ffff7fd68c0][orc.Codecs::Private::wavSplit] Is Wav Format.
[2021-11-16 16:25:22,866][INFO ][0x7f308222e8c0][.main] yespeech ORC starting ... (ver 1.0.0)
[2021-11-16 16:25:22,866][INFO ][0x7f308222e8c0][orc.Manager::initialize] Load configuration from "orc_config.json": orc_config_file=1.0.0
[2021-11-16 16:25:49,764][DEBUG][0x7f308222e8c0][orc.Codecs::Private::wavSplit] Is Wav File.
[2021-11-16 16:25:49,764][DEBUG][0x7f308222e8c0][orc.Codecs::Private::wavSplit] Is Wav Format.
[2021-11-16 16:25:49,784][DEBUG][0x7f308222e8c0][orc.Codecs::Private::wavSplit] Is Wav File.
[2021-11-16 16:25:49,784][DEBUG][0x7f308222e8c0][orc.Codecs::Private::wavSplit] Is Wav Format.
[2021-11-16 16:25:49,803][DEBUG][0x7f308222e8c0][orc.Codecs::Private::wavSplit] Is Wav File.
[2021-11-16 16:25:49,803][DEBUG][0x7f308222e8c0][orc.Codecs::Private::wavSplit] Is Wav Format.
[2021-11-16 16:25:49,823][DEBUG][0x7f308222e8c0][orc.Codecs::Private::wavSplit] Is Wav File.
[2021-11-16 16:25:49,823][DEBUG][0x7f308222e8c0][orc.Codecs::Private::wavSplit] Is Wav Format.
[2021-11-16 16:25:49,841][DEBUG][0x7f308222e8c0][orc.Codecs::Private::wavSplit] Is Wav File.
[2021-11-16 16:25:49,841][DEBUG][0x7f308222e8c0][orc.Codecs::Private::wavSplit] Is Wav Format.
[2021-11-16 16:25:49,858][DEBUG][0x7f308222e8c0][orc.Codecs::Private::wavSplit] Is Wav File.
[2021-11-16 16:25:49,858][DEBUG][0x7f308222e8c0][orc.Codecs::Private::wavSplit] Is Wav Format.
[2021-11-16 16:25:49,895][DEBUG][0x7f308222e8c0][orc.Codecs::Private::wavSplit] Is Wav File.
[2021-11-16 16:25:49,895][DEBUG][0x7f308222e8c0][orc.Codecs::Private::wavSplit] Is Wav Format.
[2021-11-16 16:25:49,913][DEBUG][0x7f308222e8c0][orc.Codecs::Private::wavSplit] Is Wav File.
[2021-11-16 16:25:49,913][DEBUG][0x7f308222e8c0][orc.Codecs::Private::wavSplit] Is Wav Format.
[2021-11-16 16:25:49,931][DEBUG][0x7f308222e8c0][orc.Codecs::Private::wavSplit] Is Wav File.
[2021-11-16 16:25:49,931][DEBUG][0x7f308222e8c0][orc.Codecs::Private::wavSplit] Is Wav Format.
[2021-11-16 16:25:49,954][DEBUG][0x7f308222e8c0][orc.Codecs::Private::wavSplit] Is Wav File.
[2021-11-16 16:25:49,954][DEBUG][0x7f308222e8c0][orc.Codecs::Private::wavSplit] Is Wav Format.
[2021-11-16 16:27:43,891][DEBUG][0x7f308222e8c0][orc.Codecs::Private::wavSplit] Is Wav File.
[2021-11-16 16:27:43,891][DEBUG][0x7f308222e8c0][orc.Codecs::Private::wavSplit] Is Wav Format.
[2021-11-16 16:27:43,913][DEBUG][0x7f308222e8c0][orc.Codecs::Private::wavSplit] Is Wav File.
[2021-11-16 16:27:43,913][DEBUG][0x7f308222e8c0][orc.Codecs::Private::wavSplit] Is Wav Format.
[2021-11-16 16:27:43,933][DEBUG][0x7f308222e8c0][orc.Codecs::Private::wavSplit] Is Wav File.
[2021-11-16 16:27:43,933][DEBUG][0x7f308222e8c0][orc.Codecs::Private::wavSplit] Is Wav Format.
[2021-11-16 16:27:43,952][DEBUG][0x7f308222e8c0][orc.Codecs::Private::wavSplit] Is Wav File.
[2021-11-16 16:27:43,952][DEBUG][0x7f308222e8c0][orc.Codecs::Private::wavSplit] Is Wav Format.
[2021-11-16 16:27:43,968][DEBUG][0x7f308222e8c0][orc.Codecs::Private::wavSplit] Is Wav File.
[2021-11-16 16:27:43,968][DEBUG][0x7f308222e8c0][orc.Codecs::Private::wavSplit] Is Wav Format.
[2021-11-16 16:27:43,987][DEBUG][0x7f308222e8c0][orc.Codecs::Private::wavSplit] Is Wav File.
[2021-11-16 16:27:43,987][DEBUG][0x7f308222e8c0][orc.Codecs::Private::wavSplit] Is Wav Format.
[2021-11-16 16:27:44,005][DEBUG][0x7f308222e8c0][orc.Codecs::Private::wavSplit] Is Wav File.
[2021-11-16 16:27:44,005][DEBUG][0x7f308222e8c0][orc.Codecs::Private::wavSplit] Is Wav Format.
[2021-11-16 16:27:44,026][DEBUG][0x7f308222e8c0][orc.Codecs::Private::wavSplit] Is Wav File.
[2021-11-16 16:27:44,026][DEBUG][0x7f308222e8c0][orc.Codecs::Private::wavSplit] Is Wav Format.
[2021-11-16 16:27:44,047][DEBUG][0x7f308222e8c0][orc.Codecs::Private::wavSplit] Is Wav File.
[2021-11-16 16:27:44,047][DEBUG][0x7f308222e8c0][orc.Codecs::Private::wavSplit] Is Wav Format.
[2021-11-16 16:27:44,064][DEBUG][0x7f308222e8c0][orc.Codecs::Private::wavSplit] Is Wav File.
[2021-11-16 16:27:44,064][DEBUG][0x7f308222e8c0][orc.Codecs::Private::wavSplit] Is Wav Format.
[2021-11-16 16:28:21,668][INFO ][0x7f55441a48c0][.main] yespeech ORC starting ... (ver 1.0.0)
[2021-11-16 16:28:21,668][INFO ][0x7f55441a48c0][orc.Manager::initialize] Load configuration from "orc_config.json": orc_config_file=1.0.0
[2021-11-16 16:28:24,535][DEBUG][0x7f55441a48c0][orc.Codecs::Private::wavSplit] Is Wav File.
[2021-11-16 16:28:24,535][DEBUG][0x7f55441a48c0][orc.Codecs::Private::wavSplit] Is Wav Format.
[2021-11-16 16:28:24,555][DEBUG][0x7f55441a48c0][orc.Codecs::Private::wavSplit] Is Wav File.
[2021-11-16 16:28:24,555][DEBUG][0x7f55441a48c0][orc.Codecs::Private::wavSplit] Is Wav Format.
[2021-11-16 16:28:24,574][DEBUG][0x7f55441a48c0][orc.Codecs::Private::wavSplit] Is Wav File.
[2021-11-16 16:28:24,574][DEBUG][0x7f55441a48c0][orc.Codecs::Private::wavSplit] Is Wav Format.
[2021-11-16 16:28:24,593][DEBUG][0x7f55441a48c0][orc.Codecs::Private::wavSplit] Is Wav File.
[2021-11-16 16:28:24,593][DEBUG][0x7f55441a48c0][orc.Codecs::Private::wavSplit] Is Wav Format.
[2021-11-16 16:28:24,609][DEBUG][0x7f55441a48c0][orc.Codecs::Private::wavSplit] Is Wav File.
[2021-11-16 16:28:24,609][DEBUG][0x7f55441a48c0][orc.Codecs::Private::wavSplit] Is Wav Format.
[2021-11-16 16:28:24,633][DEBUG][0x7f55441a48c0][orc.Codecs::Private::wavSplit] Is Wav File.
[2021-11-16 16:28:24,633][DEBUG][0x7f55441a48c0][orc.Codecs::Private::wavSplit] Is Wav Format.
[2021-11-16 16:28:24,649][DEBUG][0x7f55441a48c0][orc.Codecs::Private::wavSplit] Is Wav File.
[2021-11-16 16:28:24,649][DEBUG][0x7f55441a48c0][orc.Codecs::Private::wavSplit] Is Wav Format.
[2021-11-16 16:28:24,665][DEBUG][0x7f55441a48c0][orc.Codecs::Private::wavSplit] Is Wav File.
[2021-11-16 16:28:24,665][DEBUG][0x7f55441a48c0][orc.Codecs::Private::wavSplit] Is Wav Format.
[2021-11-16 16:28:24,681][DEBUG][0x7f55441a48c0][orc.Codecs::Private::wavSplit] Is Wav File.
[2021-11-16 16:28:24,681][DEBUG][0x7f55441a48c0][orc.Codecs::Private::wavSplit] Is Wav Format.
[2021-11-16 16:28:24,701][DEBUG][0x7f55441a48c0][orc.Codecs::Private::wavSplit] Is Wav File.
[2021-11-16 16:28:24,701][DEBUG][0x7f55441a48c0][orc.Codecs::Private::wavSplit] Is Wav Format.
[2021-11-16 16:35:14,990][INFO ][0x7f873e5848c0][.main] yespeech ORC starting ... (ver 1.0.0)
[2021-11-16 16:35:14,990][INFO ][0x7f873e5848c0][orc.Manager::initialize] Load configuration from "orc_config.json": orc_config_file=1.0.0
[2021-11-16 16:35:28,937][DEBUG][0x7f873e5848c0][orc.Codecs::Private::wavSplit] Is Wav File.
[2021-11-16 16:35:28,937][DEBUG][0x7f873e5848c0][orc.Codecs::Private::wavSplit] Is Wav Format.
[2021-11-16 16:35:29,010][DEBUG][0x7f873e5848c0][orc.Codecs::Private::wavSplit] Is Wav File.
[2021-11-16 16:35:29,010][DEBUG][0x7f873e5848c0][orc.Codecs::Private::wavSplit] Is Wav Format.
[2021-11-16 16:35:29,025][DEBUG][0x7f873e5848c0][orc.Codecs::Private::wavSplit] Is Wav File.
[2021-11-16 16:35:29,025][DEBUG][0x7f873e5848c0][orc.Codecs::Private::wavSplit] Is Wav Format.
[2021-11-16 16:35:29,035][DEBUG][0x7f873e5848c0][orc.Codecs::Private::wavSplit] Is Wav File.
[2021-11-16 16:35:29,035][DEBUG][0x7f873e5848c0][orc.Codecs::Private::wavSplit] Is Wav Format.
[2021-11-16 16:35:29,044][DEBUG][0x7f873e5848c0][orc.Codecs::Private::wavSplit] Is Wav File.
[2021-11-16 16:35:29,044][DEBUG][0x7f873e5848c0][orc.Codecs::Private::wavSplit] Is Wav Format.
[2021-11-16 16:35:29,052][DEBUG][0x7f873e5848c0][orc.Codecs::Private::wavSplit] Is Wav File.
[2021-11-16 16:35:29,052][DEBUG][0x7f873e5848c0][orc.Codecs::Private::wavSplit] Is Wav Format.
[2021-11-16 16:35:29,062][DEBUG][0x7f873e5848c0][orc.Codecs::Private::wavSplit] Is Wav File.
[2021-11-16 16:35:29,062][DEBUG][0x7f873e5848c0][orc.Codecs::Private::wavSplit] Is Wav Format.
[2021-11-16 16:35:29,085][DEBUG][0x7f873e5848c0][orc.Codecs::Private::wavSplit] Is Wav File.
[2021-11-16 16:35:29,085][DEBUG][0x7f873e5848c0][orc.Codecs::Private::wavSplit] Is Wav Format.
[2021-11-16 16:35:29,094][DEBUG][0x7f873e5848c0][orc.Codecs::Private::wavSplit] Is Wav File.
[2021-11-16 16:35:29,094][DEBUG][0x7f873e5848c0][orc.Codecs::Private::wavSplit] Is Wav Format.
[2021-11-16 16:35:29,103][DEBUG][0x7f873e5848c0][orc.Codecs::Private::wavSplit] Is Wav File.
[2021-11-16 16:35:29,103][DEBUG][0x7f873e5848c0][orc.Codecs::Private::wavSplit] Is Wav Format.
[2021-11-16 16:35:29,109][DEBUG][0x7f873e5848c0][orc.Codecs::Private::wavSplit] Is Wav File.
[2021-11-16 16:35:29,109][DEBUG][0x7f873e5848c0][orc.Codecs::Private::wavSplit] Is Wav Format.
[2021-11-16 16:35:29,127][DEBUG][0x7f873e5848c0][orc.Codecs::Private::wavSplit] Is Wav File.
[2021-11-16 16:35:29,127][DEBUG][0x7f873e5848c0][orc.Codecs::Private::wavSplit] Is Wav Format.
[2021-11-16 16:35:29,140][DEBUG][0x7f873e5848c0][orc.Codecs::Private::wavSplit] Is Wav File.
[2021-11-16 16:35:29,140][DEBUG][0x7f873e5848c0][orc.Codecs::Private::wavSplit] Is Wav Format.
[2021-11-16 16:35:29,149][DEBUG][0x7f873e5848c0][orc.Codecs::Private::wavSplit] Is Wav File.
[2021-11-16 16:35:29,149][DEBUG][0x7f873e5848c0][orc.Codecs::Private::wavSplit] Is Wav Format.
[2021-11-16 16:35:29,160][DEBUG][0x7f873e5848c0][orc.Codecs::Private::wavSplit] Is Wav File.
[2021-11-16 16:35:29,160][DEBUG][0x7f873e5848c0][orc.Codecs::Private::wavSplit] Is Wav Format.
[2021-11-16 16:35:29,167][DEBUG][0x7f873e5848c0][orc.Codecs::Private::wavSplit] Is Wav File.
[2021-11-16 16:35:29,168][DEBUG][0x7f873e5848c0][orc.Codecs::Private::wavSplit] Is Wav Format.
[2021-11-16 16:35:29,175][DEBUG][0x7f873e5848c0][orc.Codecs::Private::wavSplit] Is Wav File.
[2021-11-16 16:35:29,175][DEBUG][0x7f873e5848c0][orc.Codecs::Private::wavSplit] Is Wav Format.
[2021-11-16 16:35:29,183][DEBUG][0x7f873e5848c0][orc.Codecs::Private::wavSplit] Is Wav File.
[2021-11-16 16:35:29,183][DEBUG][0x7f873e5848c0][orc.Codecs::Private::wavSplit] Is Wav Format.
[2021-11-16 16:35:29,190][DEBUG][0x7f873e5848c0][orc.Codecs::Private::wavSplit] Is Wav File.
[2021-11-16 16:35:29,190][DEBUG][0x7f873e5848c0][orc.Codecs::Private::wavSplit] Is Wav Format.
[2021-11-16 16:35:29,200][DEBUG][0x7f873e5848c0][orc.Codecs::Private::wavSplit] Is Wav File.
[2021-11-16 16:35:29,200][DEBUG][0x7f873e5848c0][orc.Codecs::Private::wavSplit] Is Wav Format.
[2021-11-16 16:35:29,208][DEBUG][0x7f873e5848c0][orc.Codecs::Private::wavSplit] Is Wav File.
[2021-11-16 16:35:29,208][DEBUG][0x7f873e5848c0][orc.Codecs::Private::wavSplit] Is Wav Format.
[2021-11-16 16:35:29,215][DEBUG][0x7f873e5848c0][orc.Codecs::Private::wavSplit] Is Wav File.
[2021-11-16 16:35:29,215][DEBUG][0x7f873e5848c0][orc.Codecs::Private::wavSplit] Is Wav Format.
[2021-11-16 16:35:29,233][DEBUG][0x7f873e5848c0][orc.Codecs::Private::wavSplit] Is Wav File.
[2021-11-16 16:35:29,233][DEBUG][0x7f873e5848c0][orc.Codecs::Private::wavSplit] Is Wav Format.
[2021-11-16 16:35:29,240][DEBUG][0x7f873e5848c0][orc.Codecs::Private::wavSplit] Is Wav File.
[2021-11-16 16:35:29,240][DEBUG][0x7f873e5848c0][orc.Codecs::Private::wavSplit] Is Wav Format.
[2021-11-16 16:35:29,248][DEBUG][0x7f873e5848c0][orc.Codecs::Private::wavSplit] Is Wav File.
[2021-11-16 16:35:29,248][DEBUG][0x7f873e5848c0][orc.Codecs::Private::wavSplit] Is Wav Format.
[2021-11-16 16:35:29,257][DEBUG][0x7f873e5848c0][orc.Codecs::Private::wavSplit] Is Wav File.
[2021-11-16 16:35:29,257][DEBUG][0x7f873e5848c0][orc.Codecs::Private::wavSplit] Is Wav Format.
[2021-11-16 16:35:29,265][DEBUG][0x7f873e5848c0][orc.Codecs::Private::wavSplit] Is Wav File.
[2021-11-16 16:35:29,265][DEBUG][0x7f873e5848c0][orc.Codecs::Private::wavSplit] Is Wav Format.
[2021-11-16 16:35:29,274][DEBUG][0x7f873e5848c0][orc.Codecs::Private::wavSplit] Is Wav File.
[2021-11-16 16:35:29,274][DEBUG][0x7f873e5848c0][orc.Codecs::Private::wavSplit] Is Wav Format.
[2021-11-16 16:35:29,281][DEBUG][0x7f873e5848c0][orc.Codecs::Private::wavSplit] Is Wav File.
[2021-11-16 16:35:29,281][DEBUG][0x7f873e5848c0][orc.Codecs::Private::wavSplit] Is Wav Format.
[2021-11-16 16:35:29,288][DEBUG][0x7f873e5848c0][orc.Codecs::Private::wavSplit] Is Wav File.
[2021-11-16 16:35:29,288][DEBUG][0x7f873e5848c0][orc.Codecs::Private::wavSplit] Is Wav Format.
[2021-11-16 16:35:29,296][DEBUG][0x7f873e5848c0][orc.Codecs::Private::wavSplit] Is Wav File.
[2021-11-16 16:35:29,296][DEBUG][0x7f873e5848c0][orc.Codecs::Private::wavSplit] Is Wav Format.
[2021-11-16 16:35:29,303][DEBUG][0x7f873e5848c0][orc.Codecs::Private::wavSplit] Is Wav File.
[2021-11-16 16:35:29,303][DEBUG][0x7f873e5848c0][orc.Codecs::Private::wavSplit] Is Wav Format.
[2021-11-16 16:35:29,311][DEBUG][0x7f873e5848c0][orc.Codecs::Private::wavSplit] Is Wav File.
[2021-11-16 16:35:29,311][DEBUG][0x7f873e5848c0][orc.Codecs::Private::wavSplit] Is Wav Format.
[2021-11-16 16:35:29,331][DEBUG][0x7f873e5848c0][orc.Codecs::Private::wavSplit] Is Wav File.
[2021-11-16 16:35:29,331][DEBUG][0x7f873e5848c0][orc.Codecs::Private::wavSplit] Is Wav Format.
[2021-11-16 16:35:29,341][DEBUG][0x7f873e5848c0][orc.Codecs::Private::wavSplit] Is Wav File.
[2021-11-16 16:35:29,341][DEBUG][0x7f873e5848c0][orc.Codecs::Private::wavSplit] Is Wav Format.
[2021-11-16 16:35:29,348][DEBUG][0x7f873e5848c0][orc.Codecs::Private::wavSplit] Is Wav File.
[2021-11-16 16:35:29,348][DEBUG][0x7f873e5848c0][orc.Codecs::Private::wavSplit] Is Wav Format.
[2021-11-16 16:35:29,356][DEBUG][0x7f873e5848c0][orc.Codecs::Private::wavSplit] Is Wav File.
[2021-11-16 16:35:29,356][DEBUG][0x7f873e5848c0][orc.Codecs::Private::wavSplit] Is Wav Format.
[2021-11-16 16:35:29,364][DEBUG][0x7f873e5848c0][orc.Codecs::Private::wavSplit] Is Wav File.
[2021-11-16 16:35:29,364][DEBUG][0x7f873e5848c0][orc.Codecs::Private::wavSplit] Is Wav Format.
[2021-11-16 16:35:29,373][DEBUG][0x7f873e5848c0][orc.Codecs::Private::wavSplit] Is Wav File.
[2021-11-16 16:35:29,373][DEBUG][0x7f873e5848c0][orc.Codecs::Private::wavSplit] Is Wav Format.
[2021-11-16 16:35:29,380][DEBUG][0x7f873e5848c0][orc.Codecs::Private::wavSplit] Is Wav File.
[2021-11-16 16:35:29,380][DEBUG][0x7f873e5848c0][orc.Codecs::Private::wavSplit] Is Wav Format.
[2021-11-16 16:35:29,388][DEBUG][0x7f873e5848c0][orc.Codecs::Private::wavSplit] Is Wav File.
[2021-11-16 16:35:29,388][DEBUG][0x7f873e5848c0][orc.Codecs::Private::wavSplit] Is Wav Format.
[2021-11-16 16:35:29,395][DEBUG][0x7f873e5848c0][orc.Codecs::Private::wavSplit] Is Wav File.
[2021-11-16 16:35:29,395][DEBUG][0x7f873e5848c0][orc.Codecs::Private::wavSplit] Is Wav Format.
[2021-11-16 16:35:29,402][DEBUG][0x7f873e5848c0][orc.Codecs::Private::wavSplit] Is Wav File.
[2021-11-16 16:35:29,402][DEBUG][0x7f873e5848c0][orc.Codecs::Private::wavSplit] Is Wav Format.
[2021-11-16 16:35:29,409][DEBUG][0x7f873e5848c0][orc.Codecs::Private::wavSplit] Is Wav File.
[2021-11-16 16:35:29,409][DEBUG][0x7f873e5848c0][orc.Codecs::Private::wavSplit] Is Wav Format.
[2021-11-16 16:35:29,428][DEBUG][0x7f873e5848c0][orc.Codecs::Private::wavSplit] Is Wav File.
[2021-11-16 16:35:29,428][DEBUG][0x7f873e5848c0][orc.Codecs::Private::wavSplit] Is Wav Format.
[2021-11-16 16:35:29,437][DEBUG][0x7f873e5848c0][orc.Codecs::Private::wavSplit] Is Wav File.
[2021-11-16 16:35:29,437][DEBUG][0x7f873e5848c0][orc.Codecs::Private::wavSplit] Is Wav Format.
[2021-11-16 16:35:29,445][DEBUG][0x7f873e5848c0][orc.Codecs::Private::wavSplit] Is Wav File.
[2021-11-16 16:35:29,445][DEBUG][0x7f873e5848c0][orc.Codecs::Private::wavSplit] Is Wav Format.
[2021-11-16 16:35:29,452][DEBUG][0x7f873e5848c0][orc.Codecs::Private::wavSplit] Is Wav File.
[2021-11-16 16:35:29,452][DEBUG][0x7f873e5848c0][orc.Codecs::Private::wavSplit] Is Wav Format.
[2021-11-16 16:35:29,459][DEBUG][0x7f873e5848c0][orc.Codecs::Private::wavSplit] Is Wav File.
[2021-11-16 16:35:29,459][DEBUG][0x7f873e5848c0][orc.Codecs::Private::wavSplit] Is Wav Format.
[2021-11-16 16:35:29,467][DEBUG][0x7f873e5848c0][orc.Codecs::Private::wavSplit] Is Wav File.
[2021-11-16 16:35:29,467][DEBUG][0x7f873e5848c0][orc.Codecs::Private::wavSplit] Is Wav Format.
[2021-11-16 16:35:29,474][DEBUG][0x7f873e5848c0][orc.Codecs::Private::wavSplit] Is Wav File.
[2021-11-16 16:35:29,475][DEBUG][0x7f873e5848c0][orc.Codecs::Private::wavSplit] Is Wav Format.
[2021-11-16 16:35:29,483][DEBUG][0x7f873e5848c0][orc.Codecs::Private::wavSplit] Is Wav File.
[2021-11-16 16:35:29,483][DEBUG][0x7f873e5848c0][orc.Codecs::Private::wavSplit] Is Wav Format.
[2021-11-16 16:35:29,492][DEBUG][0x7f873e5848c0][orc.Codecs::Private::wavSplit] Is Wav File.
[2021-11-16 16:35:29,492][DEBUG][0x7f873e5848c0][orc.Codecs::Private::wavSplit] Is Wav Format.
[2021-11-16 16:35:29,500][DEBUG][0x7f873e5848c0][orc.Codecs::Private::wavSplit] Is Wav File.
[2021-11-16 16:35:29,500][DEBUG][0x7f873e5848c0][orc.Codecs::Private::wavSplit] Is Wav Format.
[2021-11-16 16:35:29,506][DEBUG][0x7f873e5848c0][orc.Codecs::Private::wavSplit] Is Wav File.
[2021-11-16 16:35:29,506][DEBUG][0x7f873e5848c0][orc.Codecs::Private::wavSplit] Is Wav Format.
[2021-11-16 16:35:29,523][DEBUG][0x7f873e5848c0][orc.Codecs::Private::wavSplit] Is Wav File.
[2021-11-16 16:35:29,523][DEBUG][0x7f873e5848c0][orc.Codecs::Private::wavSplit] Is Wav Format.
[2021-11-16 16:35:29,530][DEBUG][0x7f873e5848c0][orc.Codecs::Private::wavSplit] Is Wav File.
[2021-11-16 16:35:29,530][DEBUG][0x7f873e5848c0][orc.Codecs::Private::wavSplit] Is Wav Format.
[2021-11-16 16:35:29,538][DEBUG][0x7f873e5848c0][orc.Codecs::Private::wavSplit] Is Wav File.
[2021-11-16 16:35:29,538][DEBUG][0x7f873e5848c0][orc.Codecs::Private::wavSplit] Is Wav Format.
[2021-11-16 16:35:29,546][DEBUG][0x7f873e5848c0][orc.Codecs::Private::wavSplit] Is Wav File.
[2021-11-16 16:35:29,546][DEBUG][0x7f873e5848c0][orc.Codecs::Private::wavSplit] Is Wav Format.
[2021-11-16 16:35:29,563][DEBUG][0x7f873e5848c0][orc.Codecs::Private::wavSplit] Is Wav File.
[2021-11-16 16:35:29,564][DEBUG][0x7f873e5848c0][orc.Codecs::Private::wavSplit] Is Wav Format.
[2021-11-16 16:35:29,572][DEBUG][0x7f873e5848c0][orc.Codecs::Private::wavSplit] Is Wav File.
[2021-11-16 16:35:29,572][DEBUG][0x7f873e5848c0][orc.Codecs::Private::wavSplit] Is Wav Format.
[2021-11-16 16:35:29,593][DEBUG][0x7f873e5848c0][orc.Codecs::Private::wavSplit] Is Wav File.
[2021-11-16 16:35:29,593][DEBUG][0x7f873e5848c0][orc.Codecs::Private::wavSplit] Is Wav Format.
[2021-11-16 16:35:29,601][DEBUG][0x7f873e5848c0][orc.Codecs::Private::wavSplit] Is Wav File.
[2021-11-16 16:35:29,601][DEBUG][0x7f873e5848c0][orc.Codecs::Private::wavSplit] Is Wav Format.
[2021-11-16 16:35:29,609][DEBUG][0x7f873e5848c0][orc.Codecs::Private::wavSplit] Is Wav File.
[2021-11-16 16:35:29,609][DEBUG][0x7f873e5848c0][orc.Codecs::Private::wavSplit] Is Wav Format.
[2021-11-16 16:35:29,624][DEBUG][0x7f873e5848c0][orc.Codecs::Private::wavSplit] Is Wav File.
[2021-11-16 16:35:29,624][DEBUG][0x7f873e5848c0][orc.Codecs::Private::wavSplit] Is Wav Format.
[2021-11-16 16:35:29,631][DEBUG][0x7f873e5848c0][orc.Codecs::Private::wavSplit] Is Wav File.
[2021-11-16 16:35:29,631][DEBUG][0x7f873e5848c0][orc.Codecs::Private::wavSplit] Is Wav Format.
[2021-11-16 16:35:29,650][DEBUG][0x7f873e5848c0][orc.Codecs::Private::wavSplit] Is Wav File.
[2021-11-16 16:35:29,650][DEBUG][0x7f873e5848c0][orc.Codecs::Private::wavSplit] Is Wav Format.
[2021-11-16 16:35:29,657][DEBUG][0x7f873e5848c0][orc.Codecs::Private::wavSplit] Is Wav File.
[2021-11-16 16:35:29,657][DEBUG][0x7f873e5848c0][orc.Codecs::Private::wavSplit] Is Wav Format.
[2021-11-16 16:35:29,665][DEBUG][0x7f873e5848c0][orc.Codecs::Private::wavSplit] Is Wav File.
[2021-11-16 16:35:29,665][DEBUG][0x7f873e5848c0][orc.Codecs::Private::wavSplit] Is Wav Format.
[2021-11-16 16:35:29,674][DEBUG][0x7f873e5848c0][orc.Codecs::Private::wavSplit] Is Wav File.
[2021-11-16 16:35:29,674][DEBUG][0x7f873e5848c0][orc.Codecs::Private::wavSplit] Is Wav Format.
[2021-11-16 16:35:29,683][DEBUG][0x7f873e5848c0][orc.Codecs::Private::wavSplit] Is Wav File.
[2021-11-16 16:35:29,683][DEBUG][0x7f873e5848c0][orc.Codecs::Private::wavSplit] Is Wav Format.
[2021-11-16 16:35:29,690][DEBUG][0x7f873e5848c0][orc.Codecs::Private::wavSplit] Is Wav File.
[2021-11-16 16:35:29,690][DEBUG][0x7f873e5848c0][orc.Codecs::Private::wavSplit] Is Wav Format.
[2021-11-16 16:35:29,698][DEBUG][0x7f873e5848c0][orc.Codecs::Private::wavSplit] Is Wav File.
[2021-11-16 16:35:29,698][DEBUG][0x7f873e5848c0][orc.Codecs::Private::wavSplit] Is Wav Format.
[2021-11-16 16:35:29,706][DEBUG][0x7f873e5848c0][orc.Codecs::Private::wavSplit] Is Wav File.
[2021-11-16 16:35:29,706][DEBUG][0x7f873e5848c0][orc.Codecs::Private::wavSplit] Is Wav Format.
[2021-11-16 16:35:29,714][DEBUG][0x7f873e5848c0][orc.Codecs::Private::wavSplit] Is Wav File.
[2021-11-16 16:35:29,714][DEBUG][0x7f873e5848c0][orc.Codecs::Private::wavSplit] Is Wav Format.
[2021-11-16 16:35:29,724][DEBUG][0x7f873e5848c0][orc.Codecs::Private::wavSplit] Is Wav File.
[2021-11-16 16:35:29,724][DEBUG][0x7f873e5848c0][orc.Codecs::Private::wavSplit] Is Wav Format.
[2021-11-16 16:35:29,734][DEBUG][0x7f873e5848c0][orc.Codecs::Private::wavSplit] Is Wav File.
[2021-11-16 16:35:29,734][DEBUG][0x7f873e5848c0][orc.Codecs::Private::wavSplit] Is Wav Format.
[2021-11-16 16:35:29,754][DEBUG][0x7f873e5848c0][orc.Codecs::Private::wavSplit] Is Wav File.
[2021-11-16 16:35:29,754][DEBUG][0x7f873e5848c0][orc.Codecs::Private::wavSplit] Is Wav Format.
[2021-11-16 16:35:29,764][DEBUG][0x7f873e5848c0][orc.Codecs::Private::wavSplit] Is Wav File.
[2021-11-16 16:35:29,764][DEBUG][0x7f873e5848c0][orc.Codecs::Private::wavSplit] Is Wav Format.
[2021-11-16 16:35:29,771][DEBUG][0x7f873e5848c0][orc.Codecs::Private::wavSplit] Is Wav File.
[2021-11-16 16:35:29,771][DEBUG][0x7f873e5848c0][orc.Codecs::Private::wavSplit] Is Wav Format.
[2021-11-16 16:35:29,778][DEBUG][0x7f873e5848c0][orc.Codecs::Private::wavSplit] Is Wav File.
[2021-11-16 16:35:29,778][DEBUG][0x7f873e5848c0][orc.Codecs::Private::wavSplit] Is Wav Format.
[2021-11-16 16:35:29,787][DEBUG][0x7f873e5848c0][orc.Codecs::Private::wavSplit] Is Wav File.
[2021-11-16 16:35:29,787][DEBUG][0x7f873e5848c0][orc.Codecs::Private::wavSplit] Is Wav Format.
[2021-11-16 16:35:29,796][DEBUG][0x7f873e5848c0][orc.Codecs::Private::wavSplit] Is Wav File.
[2021-11-16 16:35:29,796][DEBUG][0x7f873e5848c0][orc.Codecs::Private::wavSplit] Is Wav Format.
[2021-11-16 16:35:29,804][DEBUG][0x7f873e5848c0][orc.Codecs::Private::wavSplit] Is Wav File.
[2021-11-16 16:35:29,804][DEBUG][0x7f873e5848c0][orc.Codecs::Private::wavSplit] Is Wav Format.
[2021-11-16 16:35:29,814][DEBUG][0x7f873e5848c0][orc.Codecs::Private::wavSplit] Is Wav File.
[2021-11-16 16:35:29,814][DEBUG][0x7f873e5848c0][orc.Codecs::Private::wavSplit] Is Wav Format.
[2021-11-16 16:35:29,821][DEBUG][0x7f873e5848c0][orc.Codecs::Private::wavSplit] Is Wav File.
[2021-11-16 16:35:29,821][DEBUG][0x7f873e5848c0][orc.Codecs::Private::wavSplit] Is Wav Format.
[2021-11-16 16:35:29,833][DEBUG][0x7f873e5848c0][orc.Codecs::Private::wavSplit] Is Wav File.
[2021-11-16 16:35:29,833][DEBUG][0x7f873e5848c0][orc.Codecs::Private::wavSplit] Is Wav Format.
[2021-11-16 16:35:29,841][DEBUG][0x7f873e5848c0][orc.Codecs::Private::wavSplit] Is Wav File.
[2021-11-16 16:35:29,844][DEBUG][0x7f873e5848c0][orc.Codecs::Private::wavSplit] Is Wav Format.
[2021-11-16 16:35:29,866][DEBUG][0x7f873e5848c0][orc.Codecs::Private::wavSplit] Is Wav File.
[2021-11-16 16:35:29,866][DEBUG][0x7f873e5848c0][orc.Codecs::Private::wavSplit] Is Wav Format.
[2021-11-16 16:35:29,877][DEBUG][0x7f873e5848c0][orc.Codecs::Private::wavSplit] Is Wav File.
[2021-11-16 16:35:29,877][DEBUG][0x7f873e5848c0][orc.Codecs::Private::wavSplit] Is Wav Format.
[2021-11-16 16:35:29,884][DEBUG][0x7f873e5848c0][orc.Codecs::Private::wavSplit] Is Wav File.
[2021-11-16 16:35:29,884][DEBUG][0x7f873e5848c0][orc.Codecs::Private::wavSplit] Is Wav Format.
[2021-11-16 16:35:29,892][DEBUG][0x7f873e5848c0][orc.Codecs::Private::wavSplit] Is Wav File.
[2021-11-16 16:35:29,892][DEBUG][0x7f873e5848c0][orc.Codecs::Private::wavSplit] Is Wav Format.
[2021-11-16 16:35:29,902][DEBUG][0x7f873e5848c0][orc.Codecs::Private::wavSplit] Is Wav File.
[2021-11-16 16:35:29,902][DEBUG][0x7f873e5848c0][orc.Codecs::Private::wavSplit] Is Wav Format.
[2021-11-16 16:35:29,909][DEBUG][0x7f873e5848c0][orc.Codecs::Private::wavSplit] Is Wav File.
[2021-11-16 16:35:29,909][DEBUG][0x7f873e5848c0][orc.Codecs::Private::wavSplit] Is Wav Format.
[2021-11-16 16:35:29,916][DEBUG][0x7f873e5848c0][orc.Codecs::Private::wavSplit] Is Wav File.
[2021-11-16 16:35:29,916][DEBUG][0x7f873e5848c0][orc.Codecs::Private::wavSplit] Is Wav Format.
[2021-11-16 16:35:29,923][DEBUG][0x7f873e5848c0][orc.Codecs::Private::wavSplit] Is Wav File.
[2021-11-16 16:35:29,923][DEBUG][0x7f873e5848c0][orc.Codecs::Private::wavSplit] Is Wav Format.
[2021-11-16 16:35:29,954][DEBUG][0x7f873e5848c0][orc.Codecs::Private::wavSplit] Is Wav File.
[2021-11-16 16:35:29,954][DEBUG][0x7f873e5848c0][orc.Codecs::Private::wavSplit] Is Wav Format.
[2021-11-16 16:35:29,983][DEBUG][0x7f873e5848c0][orc.Codecs::Private::wavSplit] Is Wav File.
[2021-11-16 16:35:29,983][DEBUG][0x7f873e5848c0][orc.Codecs::Private::wavSplit] Is Wav Format.
[2021-11-16 16:35:29,991][DEBUG][0x7f873e5848c0][orc.Codecs::Private::wavSplit] Is Wav File.
[2021-11-16 16:35:29,991][DEBUG][0x7f873e5848c0][orc.Codecs::Private::wavSplit] Is Wav Format.
[2021-11-16 16:35:30,008][DEBUG][0x7f873e5848c0][orc.Codecs::Private::wavSplit] Is Wav File.
[2021-11-16 16:35:30,008][DEBUG][0x7f873e5848c0][orc.Codecs::Private::wavSplit] Is Wav Format.
[2021-11-16 16:35:30,019][DEBUG][0x7f873e5848c0][orc.Codecs::Private::wavSplit] Is Wav File.
[2021-11-16 16:35:30,019][DEBUG][0x7f873e5848c0][orc.Codecs::Private::wavSplit] Is Wav Format.
[2021-11-16 16:35:30,027][DEBUG][0x7f873e5848c0][orc.Codecs::Private::wavSplit] Is Wav File.
[2021-11-16 16:35:30,027][DEBUG][0x7f873e5848c0][orc.Codecs::Private::wavSplit] Is Wav Format.
[2021-11-16 16:35:30,040][DEBUG][0x7f873e5848c0][orc.Codecs::Private::wavSplit] Is Wav File.
[2021-11-16 16:35:30,040][DEBUG][0x7f873e5848c0][orc.Codecs::Private::wavSplit] Is Wav Format.
[2021-11-16 16:35:30,072][DEBUG][0x7f873e5848c0][orc.Codecs::Private::wavSplit] Is Wav File.
[2021-11-16 16:35:30,072][DEBUG][0x7f873e5848c0][orc.Codecs::Private::wavSplit] Is Wav Format.
[2021-11-16 16:35:30,091][DEBUG][0x7f873e5848c0][orc.Codecs::Private::wavSplit] Is Wav File.
[2021-11-16 16:35:30,092][DEBUG][0x7f873e5848c0][orc.Codecs::Private::wavSplit] Is Wav Format.
[2021-11-16 16:35:30,104][DEBUG][0x7f873e5848c0][orc.Codecs::Private::wavSplit] Is Wav File.
[2021-11-16 16:35:30,104][DEBUG][0x7f873e5848c0][orc.Codecs::Private::wavSplit] Is Wav Format.
[2021-11-16 16:35:30,116][DEBUG][0x7f873e5848c0][orc.Codecs::Private::wavSplit] Is Wav File.
[2021-11-16 16:35:30,116][DEBUG][0x7f873e5848c0][orc.Codecs::Private::wavSplit] Is Wav Format.
[2021-11-16 16:35:30,124][DEBUG][0x7f873e5848c0][orc.Codecs::Private::wavSplit] Is Wav File.
[2021-11-16 16:35:30,124][DEBUG][0x7f873e5848c0][orc.Codecs::Private::wavSplit] Is Wav Format.
[2021-11-16 16:35:30,133][DEBUG][0x7f873e5848c0][orc.Codecs::Private::wavSplit] Is Wav File.
[2021-11-16 16:35:30,133][DEBUG][0x7f873e5848c0][orc.Codecs::Private::wavSplit] Is Wav Format.
[2021-11-16 16:35:30,141][DEBUG][0x7f873e5848c0][orc.Codecs::Private::wavSplit] Is Wav File.
[2021-11-16 16:35:30,141][DEBUG][0x7f873e5848c0][orc.Codecs::Private::wavSplit] Is Wav Format.
[2021-11-16 17:05:13,115][INFO ][0x7f2b5bd9b8c0][.main] yespeech ORC starting ... (ver 1.0.0)
[2021-11-16 17:05:13,115][INFO ][0x7f2b5bd9b8c0][orc.Manager::initialize] Load configuration from "orc_config.json": orc_config_file=1.0.0
[2021-11-16 17:06:12,471][INFO ][0x7ff13dfe08c0][.main] yespeech ORC starting ... (ver 1.0.0)
[2021-11-16 17:06:12,471][INFO ][0x7ff13dfe08c0][orc.Manager::initialize] Load configuration from "orc_config.json": orc_config_file=1.0.0
[2021-11-16 17:07:11,405][INFO ][0x7fd0f84d28c0][.main] yespeech ORC starting ... (ver 1.0.0)
[2021-11-16 17:07:11,405][INFO ][0x7fd0f84d28c0][orc.Manager::initialize] Load configuration from "orc_config.json": orc_config_file=1.0.0
[2021-11-16 18:11:26,116][INFO ][0x7f1d574fb8c0][.main] yespeech ORC starting ... (ver 1.0.0)
[2021-11-16 18:11:26,116][INFO ][0x7f1d574fb8c0][orc.Manager::initialize] Load configuration from "orc_config.json": orc_config_file=1.0.0
[2021-11-16 18:12:21,510][DEBUG][0x7f1d49244700][orc.Codecs::Private::wavSplit] Is Wav File.
[2021-11-16 18:12:21,510][DEBUG][0x7f1d49244700][orc.Codecs::Private::wavSplit] Is Wav Format.
[2021-11-16 18:12:21,511][DEBUG][0x7f1d4a246700][orc.Codecs::Private::wavSplit] Is Wav File.
[2021-11-16 18:12:21,511][DEBUG][0x7f1d4a246700][orc.Codecs::Private::wavSplit] Is Wav Format.
[2021-11-16 18:12:21,511][DEBUG][0x7f1d4c24a700][orc.Codecs::Private::wavSplit] Is Wav File.
[2021-11-16 18:12:21,511][DEBUG][0x7f1d4c24a700][orc.Codecs::Private::wavSplit] Is Wav Format.
[2021-11-16 18:12:21,512][DEBUG][0x7f1d4e24e700][orc.Codecs::Private::wavSplit] Is Wav File.
[2021-11-16 18:12:21,512][DEBUG][0x7f1d4e24e700][orc.Codecs::Private::wavSplit] Is Wav Format.
[2021-11-16 18:12:21,513][DEBUG][0x7f1d50252700][orc.Codecs::Private::wavSplit] Is Wav File.
[2021-11-16 18:12:21,513][DEBUG][0x7f1d50252700][orc.Codecs::Private::wavSplit] Is Wav Format.
[2021-11-16 18:12:21,514][DEBUG][0x7f1d4d24c700][orc.Codecs::Private::wavSplit] Is Wav File.
[2021-11-16 18:12:21,514][DEBUG][0x7f1d4d24c700][orc.Codecs::Private::wavSplit] Is Wav Format.
[2021-11-16 18:12:21,514][DEBUG][0x7f1d4b248700][orc.Codecs::Private::wavSplit] Is Wav File.
[2021-11-16 18:12:21,514][DEBUG][0x7f1d4b248700][orc.Codecs::Private::wavSplit] Is Wav Format.
[2021-11-16 18:12:21,515][DEBUG][0x7f1d4f250700][orc.Codecs::Private::wavSplit] Is Wav File.
[2021-11-16 18:12:21,515][DEBUG][0x7f1d4f250700][orc.Codecs::Private::wavSplit] Is Wav Format.
[2021-11-16 18:12:21,516][DEBUG][0x7f1d51254700][orc.Codecs::Private::wavSplit] Is Wav File.
[2021-11-16 18:12:21,516][DEBUG][0x7f1d51254700][orc.Codecs::Private::wavSplit] Is Wav Format.
[2021-11-16 18:13:52,516][INFO ][0x7fe6a00158c0][.main] yespeech ORC starting ... (ver 1.0.0)
[2021-11-16 18:13:52,516][INFO ][0x7fe6a00158c0][orc.Manager::initialize] Load configuration from "orc_config.json": orc_config_file=1.0.0
[2021-11-16 18:13:54,630][DEBUG][0x7fe699d6e700][orc.Codecs::Private::wavSplit] Is Wav File.
[2021-11-16 18:13:54,630][DEBUG][0x7fe699d6e700][orc.Codecs::Private::wavSplit] Is Wav Format.
[2021-11-16 18:13:54,631][DEBUG][0x7fe698d6c700][orc.Codecs::Private::wavSplit] Is Wav File.
[2021-11-16 18:13:54,631][DEBUG][0x7fe698d6c700][orc.Codecs::Private::wavSplit] Is Wav Format.
[2021-11-16 18:13:54,632][DEBUG][0x7fe697d6a700][orc.Codecs::Private::wavSplit] Is Wav File.
[2021-11-16 18:13:54,632][DEBUG][0x7fe697d6a700][orc.Codecs::Private::wavSplit] Is Wav Format.
[2021-11-16 18:13:54,633][DEBUG][0x7fe696d68700][orc.Codecs::Private::wavSplit] Is Wav File.
[2021-11-16 18:13:54,633][DEBUG][0x7fe696d68700][orc.Codecs::Private::wavSplit] Is Wav Format.
[2021-11-16 18:13:54,633][DEBUG][0x7fe695d66700][orc.Codecs::Private::wavSplit] Is Wav File.
[2021-11-16 18:13:54,633][DEBUG][0x7fe695d66700][orc.Codecs::Private::wavSplit] Is Wav Format.
[2021-11-16 18:13:54,634][DEBUG][0x7fe694d64700][orc.Codecs::Private::wavSplit] Is Wav File.
[2021-11-16 18:13:54,634][DEBUG][0x7fe694d64700][orc.Codecs::Private::wavSplit] Is Wav Format.
[2021-11-16 18:13:54,635][DEBUG][0x7fe693d62700][orc.Codecs::Private::wavSplit] Is Wav File.
[2021-11-16 18:13:54,635][DEBUG][0x7fe693d62700][orc.Codecs::Private::wavSplit] Is Wav Format.
[2021-11-16 18:13:54,635][DEBUG][0x7fe692d60700][orc.Codecs::Private::wavSplit] Is Wav File.
[2021-11-16 18:13:54,635][DEBUG][0x7fe692d60700][orc.Codecs::Private::wavSplit] Is Wav Format.
[2021-11-16 18:13:54,636][DEBUG][0x7fe691d5e700][orc.Codecs::Private::wavSplit] Is Wav File.
[2021-11-16 18:13:54,636][DEBUG][0x7fe691d5e700][orc.Codecs::Private::wavSplit] Is Wav Format.
[2021-11-16 18:14:58,742][INFO ][0x7f7f324188c0][.main] yespeech ORC starting ... (ver 1.0.0)
[2021-11-16 18:14:58,744][INFO ][0x7f7f324188c0][orc.Manager::initialize] Load configuration from "orc_config.json": orc_config_file=1.0.0
[2021-11-16 18:15:02,143][DEBUG][0x7f7f26165700][orc.Codecs::Private::wavSplit] Is Wav File.
[2021-11-16 18:15:02,143][DEBUG][0x7f7f26165700][orc.Codecs::Private::wavSplit] Is Wav Format.
[2021-11-16 18:15:02,144][DEBUG][0x7f7f25163700][orc.Codecs::Private::wavSplit] Is Wav File.
[2021-11-16 18:15:02,144][DEBUG][0x7f7f25163700][orc.Codecs::Private::wavSplit] Is Wav Format.
[2021-11-16 18:15:02,145][DEBUG][0x7f7f2a16d700][orc.Codecs::Private::wavSplit] Is Wav File.
[2021-11-16 18:15:02,145][DEBUG][0x7f7f2a16d700][orc.Codecs::Private::wavSplit] Is Wav Format.
[2021-11-16 18:15:02,146][DEBUG][0x7f7f2c171700][orc.Codecs::Private::wavSplit] Is Wav File.
[2021-11-16 18:15:02,146][DEBUG][0x7f7f2c171700][orc.Codecs::Private::wavSplit] Is Wav Format.
[2021-11-16 18:15:02,147][DEBUG][0x7f7f2b16f700][orc.Codecs::Private::wavSplit] Is Wav File.
[2021-11-16 18:15:02,147][DEBUG][0x7f7f2b16f700][orc.Codecs::Private::wavSplit] Is Wav Format.
[2021-11-16 18:15:02,148][DEBUG][0x7f7f2916b700][orc.Codecs::Private::wavSplit] Is Wav File.
[2021-11-16 18:15:02,148][DEBUG][0x7f7f2916b700][orc.Codecs::Private::wavSplit] Is Wav Format.
[2021-11-16 18:15:02,148][DEBUG][0x7f7f28169700][orc.Codecs::Private::wavSplit] Is Wav File.
[2021-11-16 18:15:02,148][DEBUG][0x7f7f28169700][orc.Codecs::Private::wavSplit] Is Wav Format.
[2021-11-16 18:15:02,149][DEBUG][0x7f7f24161700][orc.Codecs::Private::wavSplit] Is Wav File.
[2021-11-16 18:15:02,149][DEBUG][0x7f7f24161700][orc.Codecs::Private::wavSplit] Is Wav Format.
[2021-11-16 18:15:02,150][DEBUG][0x7f7f27167700][orc.Codecs::Private::wavSplit] Is Wav File.
[2021-11-16 18:15:02,150][DEBUG][0x7f7f27167700][orc.Codecs::Private::wavSplit] Is Wav Format.
[2021-11-16 18:57:40,548][INFO ][0x7f565590e8c0][.main] yespeech ORC starting ... (ver 1.0.0)
[2021-11-16 18:57:40,548][INFO ][0x7f565590e8c0][orc.Manager::initialize] Load configuration from "orc_config.json": orc_config_file=1.0.0
[2021-11-16 18:57:46,071][DEBUG][0x7f564f667700][orc.Codecs::Private::wavSplit] Is Wav File.
[2021-11-16 18:57:46,071][DEBUG][0x7f564f667700][orc.Codecs::Private::wavSplit] Is Wav Format.
[2021-11-16 18:57:46,073][DEBUG][0x7f564e665700][orc.Codecs::Private::wavSplit] Is Wav File.
[2021-11-16 18:57:46,073][DEBUG][0x7f564e665700][orc.Codecs::Private::wavSplit] Is Wav Format.
[2021-11-16 18:57:46,074][DEBUG][0x7f564d663700][orc.Codecs::Private::wavSplit] Is Wav File.
[2021-11-16 18:57:46,074][DEBUG][0x7f564d663700][orc.Codecs::Private::wavSplit] Is Wav Format.
[2021-11-16 18:57:46,075][DEBUG][0x7f564c661700][orc.Codecs::Private::wavSplit] Is Wav File.
[2021-11-16 18:57:46,075][DEBUG][0x7f564c661700][orc.Codecs::Private::wavSplit] Is Wav Format.
[2021-11-16 18:57:46,076][DEBUG][0x7f564b65f700][orc.Codecs::Private::wavSplit] Is Wav File.
[2021-11-16 18:57:46,076][DEBUG][0x7f564b65f700][orc.Codecs::Private::wavSplit] Is Wav Format.
[2021-11-16 18:57:46,077][DEBUG][0x7f564a65d700][orc.Codecs::Private::wavSplit] Is Wav File.
[2021-11-16 18:57:46,077][DEBUG][0x7f564a65d700][orc.Codecs::Private::wavSplit] Is Wav Format.
[2021-11-16 18:57:46,078][DEBUG][0x7f564965b700][orc.Codecs::Private::wavSplit] Is Wav File.
[2021-11-16 18:57:46,078][DEBUG][0x7f564965b700][orc.Codecs::Private::wavSplit] Is Wav Format.
[2021-11-16 18:57:46,079][DEBUG][0x7f5648659700][orc.Codecs::Private::wavSplit] Is Wav File.
[2021-11-16 18:57:46,079][DEBUG][0x7f5648659700][orc.Codecs::Private::wavSplit] Is Wav Format.
[2021-11-16 18:57:46,081][DEBUG][0x7f5647657700][orc.Codecs::Private::wavSplit] Is Wav File.
[2021-11-16 18:57:46,081][DEBUG][0x7f5647657700][orc.Codecs::Private::wavSplit] Is Wav Format.
[2021-11-16 19:00:01,028][INFO ][0x7f592d31c8c0][.main] yespeech ORC starting ... (ver 1.0.0)
[2021-11-16 19:00:01,028][INFO ][0x7f592d31c8c0][orc.Manager::initialize] Load configuration from "orc_config.json": orc_config_file=1.0.0
[2021-11-16 19:00:03,864][DEBUG][0x7f5927075700][orc.Codecs::Private::wavSplit] Is Wav File.
[2021-11-16 19:00:03,864][DEBUG][0x7f5927075700][orc.Codecs::Private::wavSplit] Is Wav Format.
[2021-11-16 19:00:03,865][DEBUG][0x7f5926073700][orc.Codecs::Private::wavSplit] Is Wav File.
[2021-11-16 19:00:03,865][DEBUG][0x7f5926073700][orc.Codecs::Private::wavSplit] Is Wav Format.
[2021-11-16 19:00:03,867][DEBUG][0x7f5925071700][orc.Codecs::Private::wavSplit] Is Wav File.
[2021-11-16 19:00:03,867][DEBUG][0x7f5925071700][orc.Codecs::Private::wavSplit] Is Wav Format.
[2021-11-16 19:00:03,867][DEBUG][0x7f592406f700][orc.Codecs::Private::wavSplit] Is Wav File.
[2021-11-16 19:00:03,867][DEBUG][0x7f592406f700][orc.Codecs::Private::wavSplit] Is Wav Format.
[2021-11-16 19:00:03,868][DEBUG][0x7f592306d700][orc.Codecs::Private::wavSplit] Is Wav File.
[2021-11-16 19:00:03,868][DEBUG][0x7f592306d700][orc.Codecs::Private::wavSplit] Is Wav Format.
[2021-11-16 19:00:03,869][DEBUG][0x7f592206b700][orc.Codecs::Private::wavSplit] Is Wav File.
[2021-11-16 19:00:03,869][DEBUG][0x7f592206b700][orc.Codecs::Private::wavSplit] Is Wav Format.
[2021-11-16 19:00:03,870][DEBUG][0x7f5921069700][orc.Codecs::Private::wavSplit] Is Wav File.
[2021-11-16 19:00:03,870][DEBUG][0x7f5921069700][orc.Codecs::Private::wavSplit] Is Wav Format.
[2021-11-16 19:00:03,870][DEBUG][0x7f5920067700][orc.Codecs::Private::wavSplit] Is Wav File.
[2021-11-16 19:00:03,870][DEBUG][0x7f5920067700][orc.Codecs::Private::wavSplit] Is Wav Format.
[2021-11-16 19:00:03,870][DEBUG][0x7f591f065700][orc.Codecs::Private::wavSplit] Is Wav File.
[2021-11-16 19:00:03,870][DEBUG][0x7f591f065700][orc.Codecs::Private::wavSplit] Is Wav Format.
[2021-11-16 19:04:03,772][INFO ][0x7f202a0318c0][.main] yespeech ORC starting ... (ver 1.0.0)
[2021-11-16 19:04:03,772][INFO ][0x7f202a0318c0][orc.Manager::initialize] Load configuration from "orc_config.json": orc_config_file=1.0.0
[2021-11-16 19:04:05,737][DEBUG][0x7f201dd7e700][orc.Codecs::Private::wavSplit] Is Wav File.
[2021-11-16 19:04:05,737][DEBUG][0x7f201dd7e700][orc.Codecs::Private::wavSplit] Is Wav Format.
[2021-11-16 19:04:05,738][DEBUG][0x7f201cd7c700][orc.Codecs::Private::wavSplit] Is Wav File.
[2021-11-16 19:04:05,738][DEBUG][0x7f201cd7c700][orc.Codecs::Private::wavSplit] Is Wav Format.
[2021-11-16 19:04:05,739][DEBUG][0x7f2021d86700][orc.Codecs::Private::wavSplit] Is Wav File.
[2021-11-16 19:04:05,739][DEBUG][0x7f2021d86700][orc.Codecs::Private::wavSplit] Is Wav Format.
[2021-11-16 19:04:05,740][DEBUG][0x7f2023d8a700][orc.Codecs::Private::wavSplit] Is Wav File.
[2021-11-16 19:04:05,740][DEBUG][0x7f2023d8a700][orc.Codecs::Private::wavSplit] Is Wav Format.
[2021-11-16 19:04:05,740][DEBUG][0x7f2022d88700][orc.Codecs::Private::wavSplit] Is Wav File.
[2021-11-16 19:04:05,741][DEBUG][0x7f2022d88700][orc.Codecs::Private::wavSplit] Is Wav Format.
[2021-11-16 19:04:05,741][DEBUG][0x7f2020d84700][orc.Codecs::Private::wavSplit] Is Wav File.
[2021-11-16 19:04:05,741][DEBUG][0x7f2020d84700][orc.Codecs::Private::wavSplit] Is Wav Format.
[2021-11-16 19:04:05,742][DEBUG][0x7f201fd82700][orc.Codecs::Private::wavSplit] Is Wav File.
[2021-11-16 19:04:05,742][DEBUG][0x7f201fd82700][orc.Codecs::Private::wavSplit] Is Wav Format.
[2021-11-16 19:04:05,743][DEBUG][0x7f201bd7a700][orc.Codecs::Private::wavSplit] Is Wav File.
[2021-11-16 19:04:05,743][DEBUG][0x7f201bd7a700][orc.Codecs::Private::wavSplit] Is Wav Format.
[2021-11-16 19:04:05,744][DEBUG][0x7f201ed80700][orc.Codecs::Private::wavSplit] Is Wav File.
[2021-11-16 19:04:05,744][DEBUG][0x7f201ed80700][orc.Codecs::Private::wavSplit] Is Wav Format.
[2021-11-16 19:08:14,478][INFO ][0x7fa9124db8c0][.main] yespeech ORC starting ... (ver 1.0.0)
[2021-11-16 19:08:14,478][INFO ][0x7fa9124db8c0][orc.Manager::initialize] Load configuration from "orc_config.json": orc_config_file=1.0.0
[2021-11-16 19:08:17,708][DEBUG][0x7fa90c234700][orc.Codecs::Private::wavSplit] Is Wav File.
[2021-11-16 19:08:17,708][DEBUG][0x7fa90c234700][orc.Codecs::Private::wavSplit] Is Wav Format.
[2021-11-16 19:08:17,751][DEBUG][0x7fa90b232700][orc.Codecs::Private::wavSplit] Is Wav File.
[2021-11-16 19:08:17,751][DEBUG][0x7fa90b232700][orc.Codecs::Private::wavSplit] Is Wav Format.
[2021-11-16 19:08:17,817][DEBUG][0x7fa90a230700][orc.Codecs::Private::wavSplit] Is Wav File.
[2021-11-16 19:08:17,818][DEBUG][0x7fa90a230700][orc.Codecs::Private::wavSplit] Is Wav Format.
[2021-11-16 19:08:17,884][DEBUG][0x7fa906228700][orc.Codecs::Private::wavSplit] Is Wav File.
[2021-11-16 19:08:17,884][DEBUG][0x7fa906228700][orc.Codecs::Private::wavSplit] Is Wav Format.
[2021-11-16 19:08:17,939][DEBUG][0x7fa905226700][orc.Codecs::Private::wavSplit] Is Wav File.
[2021-11-16 19:08:17,939][DEBUG][0x7fa905226700][orc.Codecs::Private::wavSplit] Is Wav Format.
[2021-11-16 19:08:18,037][DEBUG][0x7fa90922e700][orc.Codecs::Private::wavSplit] Is Wav File.
[2021-11-16 19:08:18,038][DEBUG][0x7fa90922e700][orc.Codecs::Private::wavSplit] Is Wav Format.
[2021-11-16 19:08:18,136][DEBUG][0x7fa90822c700][orc.Codecs::Private::wavSplit] Is Wav File.
[2021-11-16 19:08:18,136][DEBUG][0x7fa90822c700][orc.Codecs::Private::wavSplit] Is Wav Format.
[2021-11-16 19:08:18,210][DEBUG][0x7fa904224700][orc.Codecs::Private::wavSplit] Is Wav File.
[2021-11-16 19:08:18,210][DEBUG][0x7fa904224700][orc.Codecs::Private::wavSplit] Is Wav Format.
[2021-11-16 19:08:18,282][DEBUG][0x7fa90722a700][orc.Codecs::Private::wavSplit] Is Wav File.
[2021-11-16 19:08:18,282][DEBUG][0x7fa90722a700][orc.Codecs::Private::wavSplit] Is Wav Format.
[2021-11-16 19:14:12,589][INFO ][0x7faabe89f8c0][.main] yespeech ORC starting ... (ver 1.0.0)
[2021-11-16 19:14:12,590][INFO ][0x7faabe89f8c0][orc.Manager::initialize] Load configuration from "orc_config.json": orc_config_file=1.0.0
[2021-11-16 19:14:19,123][INFO ][0x7fa80d1138c0][.main] yespeech ORC starting ... (ver 1.0.0)
[2021-11-16 19:14:19,123][INFO ][0x7fa80d1138c0][orc.Manager::initialize] Load configuration from "orc_config.json": orc_config_file=1.0.0
[2021-11-16 19:14:21,896][DEBUG][0x7fa7fee5c700][orc.Codecs::Private::wavSplit] Is Wav File.
[2021-11-16 19:14:21,896][DEBUG][0x7fa7fee5c700][orc.Codecs::Private::wavSplit] Is Wav Format.
[2021-11-16 19:14:21,938][DEBUG][0x7fa7ffe5e700][orc.Codecs::Private::wavSplit] Is Wav File.
[2021-11-16 19:14:21,938][DEBUG][0x7fa7ffe5e700][orc.Codecs::Private::wavSplit] Is Wav Format.
[2021-11-16 19:14:21,976][DEBUG][0x7fa801e62700][orc.Codecs::Private::wavSplit] Is Wav File.
[2021-11-16 19:14:21,976][DEBUG][0x7fa801e62700][orc.Codecs::Private::wavSplit] Is Wav Format.
[2021-11-16 19:14:22,000][DEBUG][0x7fa803e66700][orc.Codecs::Private::wavSplit] Is Wav File.
[2021-11-16 19:14:22,000][DEBUG][0x7fa803e66700][orc.Codecs::Private::wavSplit] Is Wav Format.
[2021-11-16 19:14:22,024][DEBUG][0x7fa805e6a700][orc.Codecs::Private::wavSplit] Is Wav File.
[2021-11-16 19:14:22,024][DEBUG][0x7fa805e6a700][orc.Codecs::Private::wavSplit] Is Wav Format.
[2021-11-16 19:14:22,049][DEBUG][0x7fa802e64700][orc.Codecs::Private::wavSplit] Is Wav File.
[2021-11-16 19:14:22,049][DEBUG][0x7fa802e64700][orc.Codecs::Private::wavSplit] Is Wav Format.
[2021-11-16 19:14:22,073][DEBUG][0x7fa800e60700][orc.Codecs::Private::wavSplit] Is Wav File.
[2021-11-16 19:14:22,073][DEBUG][0x7fa800e60700][orc.Codecs::Private::wavSplit] Is Wav Format.
[2021-11-16 19:14:22,096][DEBUG][0x7fa804e68700][orc.Codecs::Private::wavSplit] Is Wav File.
[2021-11-16 19:14:22,096][DEBUG][0x7fa804e68700][orc.Codecs::Private::wavSplit] Is Wav Format.
[2021-11-16 19:14:22,136][DEBUG][0x7fa806e6c700][orc.Codecs::Private::wavSplit] Is Wav File.
[2021-11-16 19:14:22,136][DEBUG][0x7fa806e6c700][orc.Codecs::Private::wavSplit] Is Wav Format.
